<?xml version="1.0" encoding="UTF-8"?>
<robot generator="Robot 7.0 (Python 3.12.2 on win32)" generated="2024-03-29T14:58:14.247510" rpa="false" schemaversion="5">
<suite id="s1" name="App" source="C:\Users\AbdullahAmir\PycharmProjects\automation\App.robot">
<kw name="Open and Register the Account" owner="Register" type="SETUP">
<msg time="2024-03-29T14:58:14.482184" level="TRACE">Arguments: [  ]</msg>
<kw name="I Open the Website URL" owner="Open_and_Login_keywords">
<msg time="2024-03-29T14:58:14.483268" level="TRACE">Arguments: [  ]</msg>
<kw name="Open Browser" owner="SeleniumLibrary">
<msg time="2024-03-29T14:58:14.483268" level="TRACE">Arguments: [ 'https://demo.nopcommerce.com/' | 'Chrome' ]</msg>
<msg time="2024-03-29T14:58:14.483268" level="INFO">Opening browser 'Chrome' to base url 'https://demo.nopcommerce.com/'.</msg>
<msg time="2024-03-29T14:58:14.484278" level="DEBUG">Selenium Manager binary found at: C:\Users\AbdullahAmir\PycharmProjects\automation\.venv\Lib\site-packages\selenium\webdriver\common\windows\selenium-manager.exe</msg>
<msg time="2024-03-29T14:58:14.484278" level="DEBUG">Executing process: C:\Users\AbdullahAmir\PycharmProjects\automation\.venv\Lib\site-packages\selenium\webdriver\common\windows\selenium-manager.exe --browser chrome --language-binding python --output json</msg>
<msg time="2024-03-29T14:58:14.846062" level="DEBUG">Driver path: C:\Users\AbdullahAmir\.cache\selenium\chromedriver\win64\123.0.6312.86\chromedriver.exe</msg>
<msg time="2024-03-29T14:58:14.846062" level="DEBUG">Browser path: C:\Program Files\Google\Chrome\Application\chrome.exe</msg>
<msg time="2024-03-29T14:58:14.846062" level="DEBUG">Using driver at: C:\Users\AbdullahAmir\.cache\selenium\chromedriver\win64\123.0.6312.86\chromedriver.exe</msg>
<msg time="2024-03-29T14:58:14.901880" level="DEBUG">Started executable: `C:\Users\AbdullahAmir\.cache\selenium\chromedriver\win64\123.0.6312.86\chromedriver.exe` in a child process with pid: 30680 using 0 to output -3</msg>
<msg time="2024-03-29T14:58:15.419204" level="DEBUG">POST http://localhost:62782/session {'capabilities': {'firstMatch': [{}], 'alwaysMatch': {'browserName': 'chrome', 'pageLoadStrategy': &lt;PageLoadStrategy.normal: 'normal'&gt;, 'browserVersion': None, 'goog:chromeOptions': {'extensions': [], 'binary': 'C:\\Program Files\\Google\\Chrome\\Application\\chrome.exe', 'args': []}}}}</msg>
<msg time="2024-03-29T14:58:15.419204" level="DEBUG">Starting new HTTP connection (1): localhost:62782</msg>
<msg time="2024-03-29T14:58:16.006228" level="DEBUG">http://localhost:62782 "POST /session HTTP/1.1" 200 0</msg>
<msg time="2024-03-29T14:58:16.007231" level="DEBUG">Remote response: status=200 | data={"value":{"capabilities":{"acceptInsecureCerts":false,"browserName":"chrome","browserVersion":"123.0.6312.60","chrome":{"chromedriverVersion":"123.0.6312.86 (9b72c47a053648d405376c5cf07999ed626728da-refs/branch-heads/6312@{#698})","userDataDir":"C:\\Users\\ABDULL~1\\AppData\\Local\\Temp\\scoped_dir30680_1707808543"},"fedcm:accounts":true,"goog:chromeOptions":{"debuggerAddress":"localhost:62785"},"networkConnectionEnabled":false,"pageLoadStrategy":"normal","platformName":"windows","proxy":{},"setWindowRect":true,"strictFileInteractability":false,"timeouts":{"implicit":0,"pageLoad":300000,"script":30000},"unhandledPromptBehavior":"dismiss and notify","webauthn:extension:credBlob":true,"webauthn:extension:largeBlob":true,"webauthn:extension:minPinLength":true,"webauthn:extension:prf":true,"webauthn:virtualAuthenticators":true},"sessionId":"7ed6f079e96341594abb4ceb96d574f3"}} | headers=HTTPHeaderDict({'Content-Length': '884', 'Content-Type': 'application/json; charset=utf-8', 'cache-control': 'no-cache'})</msg>
<msg time="2024-03-29T14:58:16.007231" level="DEBUG">Finished Request</msg>
<msg time="2024-03-29T14:58:16.007231" level="DEBUG">POST http://localhost:62782/session/7ed6f079e96341594abb4ceb96d574f3/timeouts {'script': 5000}</msg>
<msg time="2024-03-29T14:58:16.009230" level="DEBUG">http://localhost:62782 "POST /session/7ed6f079e96341594abb4ceb96d574f3/timeouts HTTP/1.1" 200 0</msg>
<msg time="2024-03-29T14:58:16.009230" level="DEBUG">Remote response: status=200 | data={"value":null} | headers=HTTPHeaderDict({'Content-Length': '14', 'Content-Type': 'application/json; charset=utf-8', 'cache-control': 'no-cache'})</msg>
<msg time="2024-03-29T14:58:16.009230" level="DEBUG">Finished Request</msg>
<msg time="2024-03-29T14:58:16.009230" level="DEBUG">POST http://localhost:62782/session/7ed6f079e96341594abb4ceb96d574f3/timeouts {'implicit': 0}</msg>
<msg time="2024-03-29T14:58:16.011230" level="DEBUG">http://localhost:62782 "POST /session/7ed6f079e96341594abb4ceb96d574f3/timeouts HTTP/1.1" 200 0</msg>
<msg time="2024-03-29T14:58:16.012228" level="DEBUG">Remote response: status=200 | data={"value":null} | headers=HTTPHeaderDict({'Content-Length': '14', 'Content-Type': 'application/json; charset=utf-8', 'cache-control': 'no-cache'})</msg>
<msg time="2024-03-29T14:58:16.012228" level="DEBUG">Finished Request</msg>
<msg time="2024-03-29T14:58:16.012228" level="DEBUG">POST http://localhost:62782/session/7ed6f079e96341594abb4ceb96d574f3/timeouts {'pageLoad': 300000}</msg>
<msg time="2024-03-29T14:58:16.013231" level="DEBUG">http://localhost:62782 "POST /session/7ed6f079e96341594abb4ceb96d574f3/timeouts HTTP/1.1" 200 0</msg>
<msg time="2024-03-29T14:58:16.014230" level="DEBUG">Remote response: status=200 | data={"value":null} | headers=HTTPHeaderDict({'Content-Length': '14', 'Content-Type': 'application/json; charset=utf-8', 'cache-control': 'no-cache'})</msg>
<msg time="2024-03-29T14:58:16.014230" level="DEBUG">Finished Request</msg>
<msg time="2024-03-29T14:58:16.014230" level="DEBUG">POST http://localhost:62782/session/7ed6f079e96341594abb4ceb96d574f3/url {'url': 'https://demo.nopcommerce.com/'}</msg>
<msg time="2024-03-29T14:58:18.621661" level="DEBUG">http://localhost:62782 "POST /session/7ed6f079e96341594abb4ceb96d574f3/url HTTP/1.1" 200 0</msg>
<msg time="2024-03-29T14:58:18.621661" level="DEBUG">Remote response: status=200 | data={"value":null} | headers=HTTPHeaderDict({'Content-Length': '14', 'Content-Type': 'application/json; charset=utf-8', 'cache-control': 'no-cache'})</msg>
<msg time="2024-03-29T14:58:18.621661" level="DEBUG">Finished Request</msg>
<msg time="2024-03-29T14:58:18.621661" level="DEBUG">Opened browser with session id 7ed6f079e96341594abb4ceb96d574f3.</msg>
<msg time="2024-03-29T14:58:18.621661" level="TRACE">Return: 1</msg>
<arg>${Website_URL}</arg>
<arg>${Browser}</arg>
<doc>Opens a new browser instance to the optional ``url``.</doc>
<status status="PASS" start="2024-03-29T14:58:14.483268" elapsed="4.138393"/>
</kw>
<kw name="Maximize Browser Window" owner="SeleniumLibrary">
<msg time="2024-03-29T14:58:18.622668" level="TRACE">Arguments: [  ]</msg>
<msg time="2024-03-29T14:58:18.622668" level="DEBUG">POST http://localhost:62782/session/7ed6f079e96341594abb4ceb96d574f3/window/maximize {}</msg>
<msg time="2024-03-29T14:58:18.750091" level="DEBUG">http://localhost:62782 "POST /session/7ed6f079e96341594abb4ceb96d574f3/window/maximize HTTP/1.1" 200 0</msg>
<msg time="2024-03-29T14:58:18.750091" level="DEBUG">Remote response: status=200 | data={"value":{"height":832,"width":1552,"x":-8,"y":-8}} | headers=HTTPHeaderDict({'Content-Length': '51', 'Content-Type': 'application/json; charset=utf-8', 'cache-control': 'no-cache'})</msg>
<msg time="2024-03-29T14:58:18.750091" level="DEBUG">Finished Request</msg>
<msg time="2024-03-29T14:58:18.750091" level="TRACE">Return: None</msg>
<doc>Maximizes current browser window.</doc>
<status status="PASS" start="2024-03-29T14:58:18.622668" elapsed="0.127423"/>
</kw>
<msg time="2024-03-29T14:58:18.751127" level="TRACE">Return: None</msg>
<status status="PASS" start="2024-03-29T14:58:14.483268" elapsed="4.267859"/>
</kw>
<kw name="I want to Register my Account" owner="Register">
<msg time="2024-03-29T14:58:18.752115" level="TRACE">Arguments: [  ]</msg>
<kw name="Click Element" owner="SeleniumLibrary">
<msg time="2024-03-29T14:58:18.754142" level="TRACE">Arguments: [ "xpath://a[contains(text(),'Register')]" ]</msg>
<msg time="2024-03-29T14:58:18.754142" level="INFO">Clicking element 'xpath://a[contains(text(),'Register')]'.</msg>
<msg time="2024-03-29T14:58:18.754142" level="DEBUG">POST http://localhost:62782/session/7ed6f079e96341594abb4ceb96d574f3/elements {'using': 'xpath', 'value': "//a[contains(text(),'Register')]"}</msg>
<msg time="2024-03-29T14:58:18.781352" level="DEBUG">http://localhost:62782 "POST /session/7ed6f079e96341594abb4ceb96d574f3/elements HTTP/1.1" 200 0</msg>
<msg time="2024-03-29T14:58:18.781352" level="DEBUG">Remote response: status=200 | data={"value":[{"element-6066-11e4-a52e-4f735466cecf":"f.98F49713631925D1DAB45020D478231E.d.20412AD7393762DAF41BD9335FF8A2C7.e.52"}]} | headers=HTTPHeaderDict({'Content-Length': '128', 'Content-Type': 'application/json; charset=utf-8', 'cache-control': 'no-cache'})</msg>
<msg time="2024-03-29T14:58:18.781352" level="DEBUG">Finished Request</msg>
<msg time="2024-03-29T14:58:18.781352" level="DEBUG">POST http://localhost:62782/session/7ed6f079e96341594abb4ceb96d574f3/element/f.98F49713631925D1DAB45020D478231E.d.20412AD7393762DAF41BD9335FF8A2C7.e.52/click {}</msg>
<msg time="2024-03-29T14:58:19.663051" level="DEBUG">http://localhost:62782 "POST /session/7ed6f079e96341594abb4ceb96d574f3/element/f.98F49713631925D1DAB45020D478231E.d.20412AD7393762DAF41BD9335FF8A2C7.e.52/click HTTP/1.1" 200 0</msg>
<msg time="2024-03-29T14:58:19.663051" level="DEBUG">Remote response: status=200 | data={"value":null} | headers=HTTPHeaderDict({'Content-Length': '14', 'Content-Type': 'application/json; charset=utf-8', 'cache-control': 'no-cache'})</msg>
<msg time="2024-03-29T14:58:19.663051" level="DEBUG">Finished Request</msg>
<msg time="2024-03-29T14:58:19.663051" level="TRACE">Return: None</msg>
<arg>${Register}</arg>
<doc>Click the element identified by ``locator``.</doc>
<status status="PASS" start="2024-03-29T14:58:18.752115" elapsed="0.910936"/>
</kw>
<kw name="Wait Until Page Contains Element" owner="SeleniumLibrary">
<msg time="2024-03-29T14:58:19.664053" level="TRACE">Arguments: [ "xpath://strong[contains(text(),'Your Personal Details')]" ]</msg>
<msg time="2024-03-29T14:58:19.664053" level="DEBUG">POST http://localhost:62782/session/7ed6f079e96341594abb4ceb96d574f3/elements {'using': 'xpath', 'value': "//strong[contains(text(),'Your Personal Details')]"}</msg>
<msg time="2024-03-29T14:58:19.687828" level="DEBUG">http://localhost:62782 "POST /session/7ed6f079e96341594abb4ceb96d574f3/elements HTTP/1.1" 200 0</msg>
<msg time="2024-03-29T14:58:19.687828" level="DEBUG">Remote response: status=200 | data={"value":[{"element-6066-11e4-a52e-4f735466cecf":"f.98F49713631925D1DAB45020D478231E.d.2A809EC53833F19D5767C2FB0F0F6B85.e.79"}]} | headers=HTTPHeaderDict({'Content-Length': '128', 'Content-Type': 'application/json; charset=utf-8', 'cache-control': 'no-cache'})</msg>
<msg time="2024-03-29T14:58:19.687828" level="DEBUG">Finished Request</msg>
<msg time="2024-03-29T14:58:19.687828" level="TRACE">Return: None</msg>
<arg>${Register_Personal_Detail}</arg>
<doc>Waits until the element ``locator`` appears on the current page.</doc>
<status status="PASS" start="2024-03-29T14:58:19.664053" elapsed="0.024899"/>
</kw>
<kw name="Click Element" owner="SeleniumLibrary">
<msg time="2024-03-29T14:58:19.688952" level="TRACE">Arguments: [ "xpath://input[@id='gender-male']" ]</msg>
<msg time="2024-03-29T14:58:19.688952" level="INFO">Clicking element 'xpath://input[@id='gender-male']'.</msg>
<msg time="2024-03-29T14:58:19.689962" level="DEBUG">POST http://localhost:62782/session/7ed6f079e96341594abb4ceb96d574f3/elements {'using': 'xpath', 'value': "//input[@id='gender-male']"}</msg>
<msg time="2024-03-29T14:58:19.705966" level="DEBUG">http://localhost:62782 "POST /session/7ed6f079e96341594abb4ceb96d574f3/elements HTTP/1.1" 200 0</msg>
<msg time="2024-03-29T14:58:19.705966" level="DEBUG">Remote response: status=200 | data={"value":[{"element-6066-11e4-a52e-4f735466cecf":"f.98F49713631925D1DAB45020D478231E.d.2A809EC53833F19D5767C2FB0F0F6B85.e.55"}]} | headers=HTTPHeaderDict({'Content-Length': '128', 'Content-Type': 'application/json; charset=utf-8', 'cache-control': 'no-cache'})</msg>
<msg time="2024-03-29T14:58:19.705966" level="DEBUG">Finished Request</msg>
<msg time="2024-03-29T14:58:19.705966" level="DEBUG">POST http://localhost:62782/session/7ed6f079e96341594abb4ceb96d574f3/element/f.98F49713631925D1DAB45020D478231E.d.2A809EC53833F19D5767C2FB0F0F6B85.e.55/click {}</msg>
<msg time="2024-03-29T14:58:19.758827" level="DEBUG">http://localhost:62782 "POST /session/7ed6f079e96341594abb4ceb96d574f3/element/f.98F49713631925D1DAB45020D478231E.d.2A809EC53833F19D5767C2FB0F0F6B85.e.55/click HTTP/1.1" 200 0</msg>
<msg time="2024-03-29T14:58:19.758827" level="DEBUG">Remote response: status=200 | data={"value":null} | headers=HTTPHeaderDict({'Content-Length': '14', 'Content-Type': 'application/json; charset=utf-8', 'cache-control': 'no-cache'})</msg>
<msg time="2024-03-29T14:58:19.758827" level="DEBUG">Finished Request</msg>
<msg time="2024-03-29T14:58:19.758827" level="TRACE">Return: None</msg>
<arg>${Gender}</arg>
<doc>Click the element identified by ``locator``.</doc>
<status status="PASS" start="2024-03-29T14:58:19.688952" elapsed="0.069875"/>
</kw>
<kw name="Input Text" owner="SeleniumLibrary">
<msg time="2024-03-29T14:58:19.758827" level="TRACE">Arguments: [ "xpath://input[@id='FirstName']" | 'Abdullah' ]</msg>
<msg time="2024-03-29T14:58:19.758827" level="INFO">Typing text 'Abdullah' into text field 'xpath://input[@id='FirstName']'.</msg>
<msg time="2024-03-29T14:58:19.758827" level="DEBUG">POST http://localhost:62782/session/7ed6f079e96341594abb4ceb96d574f3/elements {'using': 'xpath', 'value': "//input[@id='FirstName']"}</msg>
<msg time="2024-03-29T14:58:19.772996" level="DEBUG">http://localhost:62782 "POST /session/7ed6f079e96341594abb4ceb96d574f3/elements HTTP/1.1" 200 0</msg>
<msg time="2024-03-29T14:58:19.772996" level="DEBUG">Remote response: status=200 | data={"value":[{"element-6066-11e4-a52e-4f735466cecf":"f.98F49713631925D1DAB45020D478231E.d.2A809EC53833F19D5767C2FB0F0F6B85.e.57"}]} | headers=HTTPHeaderDict({'Content-Length': '128', 'Content-Type': 'application/json; charset=utf-8', 'cache-control': 'no-cache'})</msg>
<msg time="2024-03-29T14:58:19.772996" level="DEBUG">Finished Request</msg>
<msg time="2024-03-29T14:58:19.772996" level="DEBUG">POST http://localhost:62782/session/7ed6f079e96341594abb4ceb96d574f3/element/f.98F49713631925D1DAB45020D478231E.d.2A809EC53833F19D5767C2FB0F0F6B85.e.57/clear {}</msg>
<msg time="2024-03-29T14:58:19.821622" level="DEBUG">http://localhost:62782 "POST /session/7ed6f079e96341594abb4ceb96d574f3/element/f.98F49713631925D1DAB45020D478231E.d.2A809EC53833F19D5767C2FB0F0F6B85.e.57/clear HTTP/1.1" 200 0</msg>
<msg time="2024-03-29T14:58:19.822663" level="DEBUG">Remote response: status=200 | data={"value":null} | headers=HTTPHeaderDict({'Content-Length': '14', 'Content-Type': 'application/json; charset=utf-8', 'cache-control': 'no-cache'})</msg>
<msg time="2024-03-29T14:58:19.822663" level="DEBUG">Finished Request</msg>
<msg time="2024-03-29T14:58:19.822663" level="DEBUG">POST http://localhost:62782/session/7ed6f079e96341594abb4ceb96d574f3/element/f.98F49713631925D1DAB45020D478231E.d.2A809EC53833F19D5767C2FB0F0F6B85.e.57/value {'text': 'Abdullah', 'value': ['A', 'b', 'd', 'u', 'l', 'l', 'a', 'h']}</msg>
<msg time="2024-03-29T14:58:19.906409" level="DEBUG">http://localhost:62782 "POST /session/7ed6f079e96341594abb4ceb96d574f3/element/f.98F49713631925D1DAB45020D478231E.d.2A809EC53833F19D5767C2FB0F0F6B85.e.57/value HTTP/1.1" 200 0</msg>
<msg time="2024-03-29T14:58:19.906409" level="DEBUG">Remote response: status=200 | data={"value":null} | headers=HTTPHeaderDict({'Content-Length': '14', 'Content-Type': 'application/json; charset=utf-8', 'cache-control': 'no-cache'})</msg>
<msg time="2024-03-29T14:58:19.906409" level="DEBUG">Finished Request</msg>
<msg time="2024-03-29T14:58:19.906409" level="TRACE">Return: None</msg>
<arg>${First_Name}</arg>
<arg>Abdullah</arg>
<doc>Types the given ``text`` into the text field identified by ``locator``.</doc>
<status status="PASS" start="2024-03-29T14:58:19.758827" elapsed="0.147582"/>
</kw>
<kw name="Input Text" owner="SeleniumLibrary">
<msg time="2024-03-29T14:58:19.907407" level="TRACE">Arguments: [ "xpath://input[@id='LastName']" | 'Test' ]</msg>
<msg time="2024-03-29T14:58:19.907407" level="INFO">Typing text 'Test' into text field 'xpath://input[@id='LastName']'.</msg>
<msg time="2024-03-29T14:58:19.907407" level="DEBUG">POST http://localhost:62782/session/7ed6f079e96341594abb4ceb96d574f3/elements {'using': 'xpath', 'value': "//input[@id='LastName']"}</msg>
<msg time="2024-03-29T14:58:19.918385" level="DEBUG">http://localhost:62782 "POST /session/7ed6f079e96341594abb4ceb96d574f3/elements HTTP/1.1" 200 0</msg>
<msg time="2024-03-29T14:58:19.918385" level="DEBUG">Remote response: status=200 | data={"value":[{"element-6066-11e4-a52e-4f735466cecf":"f.98F49713631925D1DAB45020D478231E.d.2A809EC53833F19D5767C2FB0F0F6B85.e.58"}]} | headers=HTTPHeaderDict({'Content-Length': '128', 'Content-Type': 'application/json; charset=utf-8', 'cache-control': 'no-cache'})</msg>
<msg time="2024-03-29T14:58:19.918385" level="DEBUG">Finished Request</msg>
<msg time="2024-03-29T14:58:19.918385" level="DEBUG">POST http://localhost:62782/session/7ed6f079e96341594abb4ceb96d574f3/element/f.98F49713631925D1DAB45020D478231E.d.2A809EC53833F19D5767C2FB0F0F6B85.e.58/clear {}</msg>
<msg time="2024-03-29T14:58:19.939394" level="DEBUG">http://localhost:62782 "POST /session/7ed6f079e96341594abb4ceb96d574f3/element/f.98F49713631925D1DAB45020D478231E.d.2A809EC53833F19D5767C2FB0F0F6B85.e.58/clear HTTP/1.1" 200 0</msg>
<msg time="2024-03-29T14:58:19.939394" level="DEBUG">Remote response: status=200 | data={"value":null} | headers=HTTPHeaderDict({'Content-Length': '14', 'Content-Type': 'application/json; charset=utf-8', 'cache-control': 'no-cache'})</msg>
<msg time="2024-03-29T14:58:19.939394" level="DEBUG">Finished Request</msg>
<msg time="2024-03-29T14:58:19.939394" level="DEBUG">POST http://localhost:62782/session/7ed6f079e96341594abb4ceb96d574f3/element/f.98F49713631925D1DAB45020D478231E.d.2A809EC53833F19D5767C2FB0F0F6B85.e.58/value {'text': 'Test', 'value': ['T', 'e', 's', 't']}</msg>
<msg time="2024-03-29T14:58:19.977432" level="DEBUG">http://localhost:62782 "POST /session/7ed6f079e96341594abb4ceb96d574f3/element/f.98F49713631925D1DAB45020D478231E.d.2A809EC53833F19D5767C2FB0F0F6B85.e.58/value HTTP/1.1" 200 0</msg>
<msg time="2024-03-29T14:58:19.977432" level="DEBUG">Remote response: status=200 | data={"value":null} | headers=HTTPHeaderDict({'Content-Length': '14', 'Content-Type': 'application/json; charset=utf-8', 'cache-control': 'no-cache'})</msg>
<msg time="2024-03-29T14:58:19.977432" level="DEBUG">Finished Request</msg>
<msg time="2024-03-29T14:58:19.977432" level="TRACE">Return: None</msg>
<arg>${Last_Name}</arg>
<arg>Test</arg>
<doc>Types the given ``text`` into the text field identified by ``locator``.</doc>
<status status="PASS" start="2024-03-29T14:58:19.907407" elapsed="0.070025"/>
</kw>
<kw name="Click Element" owner="SeleniumLibrary">
<msg time="2024-03-29T14:58:19.977432" level="TRACE">Arguments: [ "xpath://select[@name='DateOfBirthDay']" ]</msg>
<msg time="2024-03-29T14:58:19.977432" level="INFO">Clicking element 'xpath://select[@name='DateOfBirthDay']'.</msg>
<msg time="2024-03-29T14:58:19.977432" level="DEBUG">POST http://localhost:62782/session/7ed6f079e96341594abb4ceb96d574f3/elements {'using': 'xpath', 'value': "//select[@name='DateOfBirthDay']"}</msg>
<msg time="2024-03-29T14:58:19.988430" level="DEBUG">http://localhost:62782 "POST /session/7ed6f079e96341594abb4ceb96d574f3/elements HTTP/1.1" 200 0</msg>
<msg time="2024-03-29T14:58:19.988430" level="DEBUG">Remote response: status=200 | data={"value":[{"element-6066-11e4-a52e-4f735466cecf":"f.98F49713631925D1DAB45020D478231E.d.2A809EC53833F19D5767C2FB0F0F6B85.e.65"}]} | headers=HTTPHeaderDict({'Content-Length': '128', 'Content-Type': 'application/json; charset=utf-8', 'cache-control': 'no-cache'})</msg>
<msg time="2024-03-29T14:58:19.988430" level="DEBUG">Finished Request</msg>
<msg time="2024-03-29T14:58:19.988430" level="DEBUG">POST http://localhost:62782/session/7ed6f079e96341594abb4ceb96d574f3/element/f.98F49713631925D1DAB45020D478231E.d.2A809EC53833F19D5767C2FB0F0F6B85.e.65/click {}</msg>
<msg time="2024-03-29T14:58:20.034429" level="DEBUG">http://localhost:62782 "POST /session/7ed6f079e96341594abb4ceb96d574f3/element/f.98F49713631925D1DAB45020D478231E.d.2A809EC53833F19D5767C2FB0F0F6B85.e.65/click HTTP/1.1" 200 0</msg>
<msg time="2024-03-29T14:58:20.034429" level="DEBUG">Remote response: status=200 | data={"value":null} | headers=HTTPHeaderDict({'Content-Length': '14', 'Content-Type': 'application/json; charset=utf-8', 'cache-control': 'no-cache'})</msg>
<msg time="2024-03-29T14:58:20.034429" level="DEBUG">Finished Request</msg>
<msg time="2024-03-29T14:58:20.034429" level="TRACE">Return: None</msg>
<arg>${DOB_Date}</arg>
<doc>Click the element identified by ``locator``.</doc>
<status status="PASS" start="2024-03-29T14:58:19.977432" elapsed="0.056997"/>
</kw>
<kw name="Click Element" owner="SeleniumLibrary">
<msg time="2024-03-29T14:58:20.035428" level="TRACE">Arguments: [ "xpath://option[normalize-space()='2']" ]</msg>
<msg time="2024-03-29T14:58:20.035428" level="INFO">Clicking element 'xpath://option[normalize-space()='2']'.</msg>
<msg time="2024-03-29T14:58:20.035428" level="DEBUG">POST http://localhost:62782/session/7ed6f079e96341594abb4ceb96d574f3/elements {'using': 'xpath', 'value': "//option[normalize-space()='2']"}</msg>
<msg time="2024-03-29T14:58:20.044430" level="DEBUG">http://localhost:62782 "POST /session/7ed6f079e96341594abb4ceb96d574f3/elements HTTP/1.1" 200 0</msg>
<msg time="2024-03-29T14:58:20.044430" level="DEBUG">Remote response: status=200 | data={"value":[{"element-6066-11e4-a52e-4f735466cecf":"f.98F49713631925D1DAB45020D478231E.d.2A809EC53833F19D5767C2FB0F0F6B85.e.85"}]} | headers=HTTPHeaderDict({'Content-Length': '128', 'Content-Type': 'application/json; charset=utf-8', 'cache-control': 'no-cache'})</msg>
<msg time="2024-03-29T14:58:20.044430" level="DEBUG">Finished Request</msg>
<msg time="2024-03-29T14:58:20.045453" level="DEBUG">POST http://localhost:62782/session/7ed6f079e96341594abb4ceb96d574f3/element/f.98F49713631925D1DAB45020D478231E.d.2A809EC53833F19D5767C2FB0F0F6B85.e.85/click {}</msg>
<msg time="2024-03-29T14:58:20.069901" level="DEBUG">http://localhost:62782 "POST /session/7ed6f079e96341594abb4ceb96d574f3/element/f.98F49713631925D1DAB45020D478231E.d.2A809EC53833F19D5767C2FB0F0F6B85.e.85/click HTTP/1.1" 200 0</msg>
<msg time="2024-03-29T14:58:20.069901" level="DEBUG">Remote response: status=200 | data={"value":null} | headers=HTTPHeaderDict({'Content-Length': '14', 'Content-Type': 'application/json; charset=utf-8', 'cache-control': 'no-cache'})</msg>
<msg time="2024-03-29T14:58:20.069901" level="DEBUG">Finished Request</msg>
<msg time="2024-03-29T14:58:20.069901" level="TRACE">Return: None</msg>
<arg>${Select_Date}</arg>
<doc>Click the element identified by ``locator``.</doc>
<status status="PASS" start="2024-03-29T14:58:20.035428" elapsed="0.034473"/>
</kw>
<kw name="Click Element" owner="SeleniumLibrary">
<msg time="2024-03-29T14:58:20.069901" level="TRACE">Arguments: [ "xpath://select[@name='DateOfBirthMonth']" ]</msg>
<msg time="2024-03-29T14:58:20.069901" level="INFO">Clicking element 'xpath://select[@name='DateOfBirthMonth']'.</msg>
<msg time="2024-03-29T14:58:20.070984" level="DEBUG">POST http://localhost:62782/session/7ed6f079e96341594abb4ceb96d574f3/elements {'using': 'xpath', 'value': "//select[@name='DateOfBirthMonth']"}</msg>
<msg time="2024-03-29T14:58:20.087213" level="DEBUG">http://localhost:62782 "POST /session/7ed6f079e96341594abb4ceb96d574f3/elements HTTP/1.1" 200 0</msg>
<msg time="2024-03-29T14:58:20.087213" level="DEBUG">Remote response: status=200 | data={"value":[{"element-6066-11e4-a52e-4f735466cecf":"f.98F49713631925D1DAB45020D478231E.d.2A809EC53833F19D5767C2FB0F0F6B85.e.66"}]} | headers=HTTPHeaderDict({'Content-Length': '128', 'Content-Type': 'application/json; charset=utf-8', 'cache-control': 'no-cache'})</msg>
<msg time="2024-03-29T14:58:20.087213" level="DEBUG">Finished Request</msg>
<msg time="2024-03-29T14:58:20.087213" level="DEBUG">POST http://localhost:62782/session/7ed6f079e96341594abb4ceb96d574f3/element/f.98F49713631925D1DAB45020D478231E.d.2A809EC53833F19D5767C2FB0F0F6B85.e.66/click {}</msg>
<msg time="2024-03-29T14:58:20.160947" level="DEBUG">http://localhost:62782 "POST /session/7ed6f079e96341594abb4ceb96d574f3/element/f.98F49713631925D1DAB45020D478231E.d.2A809EC53833F19D5767C2FB0F0F6B85.e.66/click HTTP/1.1" 200 0</msg>
<msg time="2024-03-29T14:58:20.161950" level="DEBUG">Remote response: status=200 | data={"value":null} | headers=HTTPHeaderDict({'Content-Length': '14', 'Content-Type': 'application/json; charset=utf-8', 'cache-control': 'no-cache'})</msg>
<msg time="2024-03-29T14:58:20.161950" level="DEBUG">Finished Request</msg>
<msg time="2024-03-29T14:58:20.161950" level="TRACE">Return: None</msg>
<arg>${DOB_Month}</arg>
<doc>Click the element identified by ``locator``.</doc>
<status status="PASS" start="2024-03-29T14:58:20.069901" elapsed="0.092049"/>
</kw>
<kw name="Click Element" owner="SeleniumLibrary">
<msg time="2024-03-29T14:58:20.161950" level="TRACE">Arguments: [ "xpath://option[normalize-space()='April']" ]</msg>
<msg time="2024-03-29T14:58:20.161950" level="INFO">Clicking element 'xpath://option[normalize-space()='April']'.</msg>
<msg time="2024-03-29T14:58:20.161950" level="DEBUG">POST http://localhost:62782/session/7ed6f079e96341594abb4ceb96d574f3/elements {'using': 'xpath', 'value': "//option[normalize-space()='April']"}</msg>
<msg time="2024-03-29T14:58:20.174099" level="DEBUG">http://localhost:62782 "POST /session/7ed6f079e96341594abb4ceb96d574f3/elements HTTP/1.1" 200 0</msg>
<msg time="2024-03-29T14:58:20.174099" level="DEBUG">Remote response: status=200 | data={"value":[{"element-6066-11e4-a52e-4f735466cecf":"f.98F49713631925D1DAB45020D478231E.d.2A809EC53833F19D5767C2FB0F0F6B85.e.89"}]} | headers=HTTPHeaderDict({'Content-Length': '128', 'Content-Type': 'application/json; charset=utf-8', 'cache-control': 'no-cache'})</msg>
<msg time="2024-03-29T14:58:20.174099" level="DEBUG">Finished Request</msg>
<msg time="2024-03-29T14:58:20.175120" level="DEBUG">POST http://localhost:62782/session/7ed6f079e96341594abb4ceb96d574f3/element/f.98F49713631925D1DAB45020D478231E.d.2A809EC53833F19D5767C2FB0F0F6B85.e.89/click {}</msg>
<msg time="2024-03-29T14:58:20.190100" level="DEBUG">http://localhost:62782 "POST /session/7ed6f079e96341594abb4ceb96d574f3/element/f.98F49713631925D1DAB45020D478231E.d.2A809EC53833F19D5767C2FB0F0F6B85.e.89/click HTTP/1.1" 200 0</msg>
<msg time="2024-03-29T14:58:20.190100" level="DEBUG">Remote response: status=200 | data={"value":null} | headers=HTTPHeaderDict({'Content-Length': '14', 'Content-Type': 'application/json; charset=utf-8', 'cache-control': 'no-cache'})</msg>
<msg time="2024-03-29T14:58:20.190100" level="DEBUG">Finished Request</msg>
<msg time="2024-03-29T14:58:20.190100" level="TRACE">Return: None</msg>
<arg>${Select_Month}</arg>
<doc>Click the element identified by ``locator``.</doc>
<status status="PASS" start="2024-03-29T14:58:20.161950" elapsed="0.028150"/>
</kw>
<kw name="Click Element" owner="SeleniumLibrary">
<msg time="2024-03-29T14:58:20.190100" level="TRACE">Arguments: [ "xpath://select[@name='DateOfBirthYear']" ]</msg>
<msg time="2024-03-29T14:58:20.191119" level="INFO">Clicking element 'xpath://select[@name='DateOfBirthYear']'.</msg>
<msg time="2024-03-29T14:58:20.191119" level="DEBUG">POST http://localhost:62782/session/7ed6f079e96341594abb4ceb96d574f3/elements {'using': 'xpath', 'value': "//select[@name='DateOfBirthYear']"}</msg>
<msg time="2024-03-29T14:58:20.203101" level="DEBUG">http://localhost:62782 "POST /session/7ed6f079e96341594abb4ceb96d574f3/elements HTTP/1.1" 200 0</msg>
<msg time="2024-03-29T14:58:20.203101" level="DEBUG">Remote response: status=200 | data={"value":[{"element-6066-11e4-a52e-4f735466cecf":"f.98F49713631925D1DAB45020D478231E.d.2A809EC53833F19D5767C2FB0F0F6B85.e.67"}]} | headers=HTTPHeaderDict({'Content-Length': '128', 'Content-Type': 'application/json; charset=utf-8', 'cache-control': 'no-cache'})</msg>
<msg time="2024-03-29T14:58:20.203101" level="DEBUG">Finished Request</msg>
<msg time="2024-03-29T14:58:20.203101" level="DEBUG">POST http://localhost:62782/session/7ed6f079e96341594abb4ceb96d574f3/element/f.98F49713631925D1DAB45020D478231E.d.2A809EC53833F19D5767C2FB0F0F6B85.e.67/click {}</msg>
<msg time="2024-03-29T14:58:20.277083" level="DEBUG">http://localhost:62782 "POST /session/7ed6f079e96341594abb4ceb96d574f3/element/f.98F49713631925D1DAB45020D478231E.d.2A809EC53833F19D5767C2FB0F0F6B85.e.67/click HTTP/1.1" 200 0</msg>
<msg time="2024-03-29T14:58:20.277083" level="DEBUG">Remote response: status=200 | data={"value":null} | headers=HTTPHeaderDict({'Content-Length': '14', 'Content-Type': 'application/json; charset=utf-8', 'cache-control': 'no-cache'})</msg>
<msg time="2024-03-29T14:58:20.277083" level="DEBUG">Finished Request</msg>
<msg time="2024-03-29T14:58:20.277083" level="TRACE">Return: None</msg>
<arg>${DOB_Year}</arg>
<doc>Click the element identified by ``locator``.</doc>
<status status="PASS" start="2024-03-29T14:58:20.190100" elapsed="0.086983"/>
</kw>
<kw name="Click Element" owner="SeleniumLibrary">
<msg time="2024-03-29T14:58:20.277083" level="TRACE">Arguments: [ "xpath://option[contains(text(),'2000')]" ]</msg>
<msg time="2024-03-29T14:58:20.277083" level="INFO">Clicking element 'xpath://option[contains(text(),'2000')]'.</msg>
<msg time="2024-03-29T14:58:20.277083" level="DEBUG">POST http://localhost:62782/session/7ed6f079e96341594abb4ceb96d574f3/elements {'using': 'xpath', 'value': "//option[contains(text(),'2000')]"}</msg>
<msg time="2024-03-29T14:58:20.288082" level="DEBUG">http://localhost:62782 "POST /session/7ed6f079e96341594abb4ceb96d574f3/elements HTTP/1.1" 200 0</msg>
<msg time="2024-03-29T14:58:20.288082" level="DEBUG">Remote response: status=200 | data={"value":[{"element-6066-11e4-a52e-4f735466cecf":"f.98F49713631925D1DAB45020D478231E.d.2A809EC53833F19D5767C2FB0F0F6B85.e.93"}]} | headers=HTTPHeaderDict({'Content-Length': '128', 'Content-Type': 'application/json; charset=utf-8', 'cache-control': 'no-cache'})</msg>
<msg time="2024-03-29T14:58:20.288082" level="DEBUG">Finished Request</msg>
<msg time="2024-03-29T14:58:20.288082" level="DEBUG">POST http://localhost:62782/session/7ed6f079e96341594abb4ceb96d574f3/element/f.98F49713631925D1DAB45020D478231E.d.2A809EC53833F19D5767C2FB0F0F6B85.e.93/click {}</msg>
<msg time="2024-03-29T14:58:20.300083" level="DEBUG">http://localhost:62782 "POST /session/7ed6f079e96341594abb4ceb96d574f3/element/f.98F49713631925D1DAB45020D478231E.d.2A809EC53833F19D5767C2FB0F0F6B85.e.93/click HTTP/1.1" 200 0</msg>
<msg time="2024-03-29T14:58:20.300083" level="DEBUG">Remote response: status=200 | data={"value":null} | headers=HTTPHeaderDict({'Content-Length': '14', 'Content-Type': 'application/json; charset=utf-8', 'cache-control': 'no-cache'})</msg>
<msg time="2024-03-29T14:58:20.300083" level="DEBUG">Finished Request</msg>
<msg time="2024-03-29T14:58:20.300083" level="TRACE">Return: None</msg>
<arg>${Select_Year}</arg>
<doc>Click the element identified by ``locator``.</doc>
<status status="PASS" start="2024-03-29T14:58:20.277083" elapsed="0.023000"/>
</kw>
<kw name="Input Text" owner="SeleniumLibrary">
<msg time="2024-03-29T14:58:20.300083" level="TRACE">Arguments: [ "xpath://input[@id='Email']" | 'abdullahsqa12@gmail.com' ]</msg>
<msg time="2024-03-29T14:58:20.300083" level="INFO">Typing text 'abdullahsqa12@gmail.com' into text field 'xpath://input[@id='Email']'.</msg>
<msg time="2024-03-29T14:58:20.301085" level="DEBUG">POST http://localhost:62782/session/7ed6f079e96341594abb4ceb96d574f3/elements {'using': 'xpath', 'value': "//input[@id='Email']"}</msg>
<msg time="2024-03-29T14:58:20.309082" level="DEBUG">http://localhost:62782 "POST /session/7ed6f079e96341594abb4ceb96d574f3/elements HTTP/1.1" 200 0</msg>
<msg time="2024-03-29T14:58:20.309082" level="DEBUG">Remote response: status=200 | data={"value":[{"element-6066-11e4-a52e-4f735466cecf":"f.98F49713631925D1DAB45020D478231E.d.2A809EC53833F19D5767C2FB0F0F6B85.e.59"}]} | headers=HTTPHeaderDict({'Content-Length': '128', 'Content-Type': 'application/json; charset=utf-8', 'cache-control': 'no-cache'})</msg>
<msg time="2024-03-29T14:58:20.309082" level="DEBUG">Finished Request</msg>
<msg time="2024-03-29T14:58:20.309082" level="DEBUG">POST http://localhost:62782/session/7ed6f079e96341594abb4ceb96d574f3/element/f.98F49713631925D1DAB45020D478231E.d.2A809EC53833F19D5767C2FB0F0F6B85.e.59/clear {}</msg>
<msg time="2024-03-29T14:58:20.333082" level="DEBUG">http://localhost:62782 "POST /session/7ed6f079e96341594abb4ceb96d574f3/element/f.98F49713631925D1DAB45020D478231E.d.2A809EC53833F19D5767C2FB0F0F6B85.e.59/clear HTTP/1.1" 200 0</msg>
<msg time="2024-03-29T14:58:20.333082" level="DEBUG">Remote response: status=200 | data={"value":null} | headers=HTTPHeaderDict({'Content-Length': '14', 'Content-Type': 'application/json; charset=utf-8', 'cache-control': 'no-cache'})</msg>
<msg time="2024-03-29T14:58:20.333082" level="DEBUG">Finished Request</msg>
<msg time="2024-03-29T14:58:20.333082" level="DEBUG">POST http://localhost:62782/session/7ed6f079e96341594abb4ceb96d574f3/element/f.98F49713631925D1DAB45020D478231E.d.2A809EC53833F19D5767C2FB0F0F6B85.e.59/value {'text': 'abdullahsqa12@gmail.com', 'value': ['a', 'b', 'd', 'u', 'l', 'l', 'a', 'h', 's', 'q', 'a', '1', '2', '@', 'g', 'm', 'a', 'i', 'l', '.', 'c', 'o', 'm']}</msg>
<msg time="2024-03-29T14:58:20.377641" level="DEBUG">http://localhost:62782 "POST /session/7ed6f079e96341594abb4ceb96d574f3/element/f.98F49713631925D1DAB45020D478231E.d.2A809EC53833F19D5767C2FB0F0F6B85.e.59/value HTTP/1.1" 200 0</msg>
<msg time="2024-03-29T14:58:20.377641" level="DEBUG">Remote response: status=200 | data={"value":null} | headers=HTTPHeaderDict({'Content-Length': '14', 'Content-Type': 'application/json; charset=utf-8', 'cache-control': 'no-cache'})</msg>
<msg time="2024-03-29T14:58:20.377641" level="DEBUG">Finished Request</msg>
<msg time="2024-03-29T14:58:20.377641" level="TRACE">Return: None</msg>
<arg>${Email_path}</arg>
<arg>abdullahsqa12@gmail.com</arg>
<doc>Types the given ``text`` into the text field identified by ``locator``.</doc>
<status status="PASS" start="2024-03-29T14:58:20.300083" elapsed="0.077558"/>
</kw>
<kw name="Input Text" owner="SeleniumLibrary">
<msg time="2024-03-29T14:58:20.377641" level="TRACE">Arguments: [ "xpath://input[@id='Company']" | 'MobileShop' ]</msg>
<msg time="2024-03-29T14:58:20.377641" level="INFO">Typing text 'MobileShop' into text field 'xpath://input[@id='Company']'.</msg>
<msg time="2024-03-29T14:58:20.378648" level="DEBUG">POST http://localhost:62782/session/7ed6f079e96341594abb4ceb96d574f3/elements {'using': 'xpath', 'value': "//input[@id='Company']"}</msg>
<msg time="2024-03-29T14:58:20.388645" level="DEBUG">http://localhost:62782 "POST /session/7ed6f079e96341594abb4ceb96d574f3/elements HTTP/1.1" 200 0</msg>
<msg time="2024-03-29T14:58:20.388645" level="DEBUG">Remote response: status=200 | data={"value":[{"element-6066-11e4-a52e-4f735466cecf":"f.98F49713631925D1DAB45020D478231E.d.2A809EC53833F19D5767C2FB0F0F6B85.e.60"}]} | headers=HTTPHeaderDict({'Content-Length': '128', 'Content-Type': 'application/json; charset=utf-8', 'cache-control': 'no-cache'})</msg>
<msg time="2024-03-29T14:58:20.388645" level="DEBUG">Finished Request</msg>
<msg time="2024-03-29T14:58:20.388645" level="DEBUG">POST http://localhost:62782/session/7ed6f079e96341594abb4ceb96d574f3/element/f.98F49713631925D1DAB45020D478231E.d.2A809EC53833F19D5767C2FB0F0F6B85.e.60/clear {}</msg>
<msg time="2024-03-29T14:58:20.407164" level="DEBUG">http://localhost:62782 "POST /session/7ed6f079e96341594abb4ceb96d574f3/element/f.98F49713631925D1DAB45020D478231E.d.2A809EC53833F19D5767C2FB0F0F6B85.e.60/clear HTTP/1.1" 200 0</msg>
<msg time="2024-03-29T14:58:20.407164" level="DEBUG">Remote response: status=200 | data={"value":null} | headers=HTTPHeaderDict({'Content-Length': '14', 'Content-Type': 'application/json; charset=utf-8', 'cache-control': 'no-cache'})</msg>
<msg time="2024-03-29T14:58:20.407164" level="DEBUG">Finished Request</msg>
<msg time="2024-03-29T14:58:20.407164" level="DEBUG">POST http://localhost:62782/session/7ed6f079e96341594abb4ceb96d574f3/element/f.98F49713631925D1DAB45020D478231E.d.2A809EC53833F19D5767C2FB0F0F6B85.e.60/value {'text': 'MobileShop', 'value': ['M', 'o', 'b', 'i', 'l', 'e', 'S', 'h', 'o', 'p']}</msg>
<msg time="2024-03-29T14:58:20.448358" level="DEBUG">http://localhost:62782 "POST /session/7ed6f079e96341594abb4ceb96d574f3/element/f.98F49713631925D1DAB45020D478231E.d.2A809EC53833F19D5767C2FB0F0F6B85.e.60/value HTTP/1.1" 200 0</msg>
<msg time="2024-03-29T14:58:20.449351" level="DEBUG">Remote response: status=200 | data={"value":null} | headers=HTTPHeaderDict({'Content-Length': '14', 'Content-Type': 'application/json; charset=utf-8', 'cache-control': 'no-cache'})</msg>
<msg time="2024-03-29T14:58:20.449351" level="DEBUG">Finished Request</msg>
<msg time="2024-03-29T14:58:20.449351" level="TRACE">Return: None</msg>
<arg>${Company_Path}</arg>
<arg>${Company_Name}</arg>
<doc>Types the given ``text`` into the text field identified by ``locator``.</doc>
<status status="PASS" start="2024-03-29T14:58:20.377641" elapsed="0.071710"/>
</kw>
<kw name="Input Password" owner="SeleniumLibrary">
<msg time="2024-03-29T14:58:20.449351" level="TRACE">Arguments: [ "xpath://input[@id='Password']" | '123456789' ]</msg>
<msg time="2024-03-29T14:58:20.450355" level="INFO">Typing password into text field 'xpath://input[@id='Password']'.</msg>
<msg time="2024-03-29T14:58:20.450355" level="DEBUG">POST http://localhost:62782/session/7ed6f079e96341594abb4ceb96d574f3/elements {'using': 'xpath', 'value': "//input[@id='Password']"}</msg>
<msg time="2024-03-29T14:58:20.466449" level="DEBUG">http://localhost:62782 "POST /session/7ed6f079e96341594abb4ceb96d574f3/elements HTTP/1.1" 200 0</msg>
<msg time="2024-03-29T14:58:20.466449" level="DEBUG">Remote response: status=200 | data={"value":[{"element-6066-11e4-a52e-4f735466cecf":"f.98F49713631925D1DAB45020D478231E.d.2A809EC53833F19D5767C2FB0F0F6B85.e.62"}]} | headers=HTTPHeaderDict({'Content-Length': '128', 'Content-Type': 'application/json; charset=utf-8', 'cache-control': 'no-cache'})</msg>
<msg time="2024-03-29T14:58:20.466449" level="DEBUG">Finished Request</msg>
<msg time="2024-03-29T14:58:20.466449" level="DEBUG">POST http://localhost:62782/session/7ed6f079e96341594abb4ceb96d574f3/element/f.98F49713631925D1DAB45020D478231E.d.2A809EC53833F19D5767C2FB0F0F6B85.e.62/clear {}</msg>
<msg time="2024-03-29T14:58:20.504422" level="DEBUG">http://localhost:62782 "POST /session/7ed6f079e96341594abb4ceb96d574f3/element/f.98F49713631925D1DAB45020D478231E.d.2A809EC53833F19D5767C2FB0F0F6B85.e.62/clear HTTP/1.1" 200 0</msg>
<msg time="2024-03-29T14:58:20.504422" level="DEBUG">Remote response: status=200 | data={"value":null} | headers=HTTPHeaderDict({'Content-Length': '14', 'Content-Type': 'application/json; charset=utf-8', 'cache-control': 'no-cache'})</msg>
<msg time="2024-03-29T14:58:20.504422" level="DEBUG">Finished Request</msg>
<msg time="2024-03-29T14:58:20.504422" level="INFO">Temporally setting log level to: NONE</msg>
<msg time="2024-03-29T14:58:20.556533" level="DEBUG">Log level changed from NONE to TRACE.</msg>
<msg time="2024-03-29T14:58:20.556533" level="TRACE">Return: None</msg>
<arg>${Password}</arg>
<arg>${Password_Text}</arg>
<doc>Types the given password into the text field identified by ``locator``.</doc>
<status status="PASS" start="2024-03-29T14:58:20.449351" elapsed="0.107182"/>
</kw>
<kw name="Input Password" owner="SeleniumLibrary">
<msg time="2024-03-29T14:58:20.557622" level="TRACE">Arguments: [ "xpath://input[@id='ConfirmPassword']" | '123456789' ]</msg>
<msg time="2024-03-29T14:58:20.557622" level="INFO">Typing password into text field 'xpath://input[@id='ConfirmPassword']'.</msg>
<msg time="2024-03-29T14:58:20.557622" level="DEBUG">POST http://localhost:62782/session/7ed6f079e96341594abb4ceb96d574f3/elements {'using': 'xpath', 'value': "//input[@id='ConfirmPassword']"}</msg>
<msg time="2024-03-29T14:58:20.567542" level="DEBUG">http://localhost:62782 "POST /session/7ed6f079e96341594abb4ceb96d574f3/elements HTTP/1.1" 200 0</msg>
<msg time="2024-03-29T14:58:20.567542" level="DEBUG">Remote response: status=200 | data={"value":[{"element-6066-11e4-a52e-4f735466cecf":"f.98F49713631925D1DAB45020D478231E.d.2A809EC53833F19D5767C2FB0F0F6B85.e.63"}]} | headers=HTTPHeaderDict({'Content-Length': '128', 'Content-Type': 'application/json; charset=utf-8', 'cache-control': 'no-cache'})</msg>
<msg time="2024-03-29T14:58:20.567542" level="DEBUG">Finished Request</msg>
<msg time="2024-03-29T14:58:20.567542" level="DEBUG">POST http://localhost:62782/session/7ed6f079e96341594abb4ceb96d574f3/element/f.98F49713631925D1DAB45020D478231E.d.2A809EC53833F19D5767C2FB0F0F6B85.e.63/clear {}</msg>
<msg time="2024-03-29T14:58:20.585495" level="DEBUG">http://localhost:62782 "POST /session/7ed6f079e96341594abb4ceb96d574f3/element/f.98F49713631925D1DAB45020D478231E.d.2A809EC53833F19D5767C2FB0F0F6B85.e.63/clear HTTP/1.1" 200 0</msg>
<msg time="2024-03-29T14:58:20.585495" level="DEBUG">Remote response: status=200 | data={"value":null} | headers=HTTPHeaderDict({'Content-Length': '14', 'Content-Type': 'application/json; charset=utf-8', 'cache-control': 'no-cache'})</msg>
<msg time="2024-03-29T14:58:20.585495" level="DEBUG">Finished Request</msg>
<msg time="2024-03-29T14:58:20.585495" level="INFO">Temporally setting log level to: NONE</msg>
<msg time="2024-03-29T14:58:20.626706" level="DEBUG">Log level changed from NONE to TRACE.</msg>
<msg time="2024-03-29T14:58:20.626706" level="TRACE">Return: None</msg>
<arg>${Confirm_password}</arg>
<arg>${Password_Text}</arg>
<doc>Types the given password into the text field identified by ``locator``.</doc>
<status status="PASS" start="2024-03-29T14:58:20.557622" elapsed="0.069084"/>
</kw>
<kw name="Click Element" owner="SeleniumLibrary">
<msg time="2024-03-29T14:58:20.626706" level="TRACE">Arguments: [ "xpath://button[@id='register-button']" ]</msg>
<msg time="2024-03-29T14:58:20.626706" level="INFO">Clicking element 'xpath://button[@id='register-button']'.</msg>
<msg time="2024-03-29T14:58:20.627724" level="DEBUG">POST http://localhost:62782/session/7ed6f079e96341594abb4ceb96d574f3/elements {'using': 'xpath', 'value': "//button[@id='register-button']"}</msg>
<msg time="2024-03-29T14:58:20.639707" level="DEBUG">http://localhost:62782 "POST /session/7ed6f079e96341594abb4ceb96d574f3/elements HTTP/1.1" 200 0</msg>
<msg time="2024-03-29T14:58:20.639707" level="DEBUG">Remote response: status=200 | data={"value":[{"element-6066-11e4-a52e-4f735466cecf":"f.98F49713631925D1DAB45020D478231E.d.2A809EC53833F19D5767C2FB0F0F6B85.e.71"}]} | headers=HTTPHeaderDict({'Content-Length': '128', 'Content-Type': 'application/json; charset=utf-8', 'cache-control': 'no-cache'})</msg>
<msg time="2024-03-29T14:58:20.639707" level="DEBUG">Finished Request</msg>
<msg time="2024-03-29T14:58:20.639707" level="DEBUG">POST http://localhost:62782/session/7ed6f079e96341594abb4ceb96d574f3/element/f.98F49713631925D1DAB45020D478231E.d.2A809EC53833F19D5767C2FB0F0F6B85.e.71/click {}</msg>
<msg time="2024-03-29T14:58:21.265982" level="DEBUG">http://localhost:62782 "POST /session/7ed6f079e96341594abb4ceb96d574f3/element/f.98F49713631925D1DAB45020D478231E.d.2A809EC53833F19D5767C2FB0F0F6B85.e.71/click HTTP/1.1" 200 0</msg>
<msg time="2024-03-29T14:58:21.265982" level="DEBUG">Remote response: status=200 | data={"value":null} | headers=HTTPHeaderDict({'Content-Length': '14', 'Content-Type': 'application/json; charset=utf-8', 'cache-control': 'no-cache'})</msg>
<msg time="2024-03-29T14:58:21.265982" level="DEBUG">Finished Request</msg>
<msg time="2024-03-29T14:58:21.265982" level="TRACE">Return: None</msg>
<arg>${Register_Button}</arg>
<doc>Click the element identified by ``locator``.</doc>
<status status="PASS" start="2024-03-29T14:58:20.626706" elapsed="0.640274"/>
</kw>
<msg time="2024-03-29T14:58:21.266980" level="TRACE">Return: None</msg>
<status status="PASS" start="2024-03-29T14:58:18.752115" elapsed="2.514865"/>
</kw>
<msg time="2024-03-29T14:58:21.266980" level="TRACE">Return: None</msg>
<status status="PASS" start="2024-03-29T14:58:14.482184" elapsed="6.784796"/>
</kw>
<test id="s1-t1" name="TC 1:" line="17">
<kw name="I want to Login the Account" owner="Open_and_Login_keywords">
<msg time="2024-03-29T14:58:21.269075" level="TRACE">Arguments: [  ]</msg>
<kw name="Click Element" owner="SeleniumLibrary">
<msg time="2024-03-29T14:58:21.270075" level="TRACE">Arguments: [ "xpath://a[contains(text(),'Log in')]" ]</msg>
<msg time="2024-03-29T14:58:21.270075" level="INFO">Clicking element 'xpath://a[contains(text(),'Log in')]'.</msg>
<msg time="2024-03-29T14:58:21.270075" level="DEBUG">POST http://localhost:62782/session/7ed6f079e96341594abb4ceb96d574f3/elements {'using': 'xpath', 'value': "//a[contains(text(),'Log in')]"}</msg>
<msg time="2024-03-29T14:58:21.286996" level="DEBUG">http://localhost:62782 "POST /session/7ed6f079e96341594abb4ceb96d574f3/elements HTTP/1.1" 200 0</msg>
<msg time="2024-03-29T14:58:21.286996" level="DEBUG">Remote response: status=200 | data={"value":[{"element-6066-11e4-a52e-4f735466cecf":"f.98F49713631925D1DAB45020D478231E.d.754564B0440B753657D63C7EACB957E4.e.125"}]} | headers=HTTPHeaderDict({'Content-Length': '129', 'Content-Type': 'application/json; charset=utf-8', 'cache-control': 'no-cache'})</msg>
<msg time="2024-03-29T14:58:21.286996" level="DEBUG">Finished Request</msg>
<msg time="2024-03-29T14:58:21.286996" level="DEBUG">POST http://localhost:62782/session/7ed6f079e96341594abb4ceb96d574f3/element/f.98F49713631925D1DAB45020D478231E.d.754564B0440B753657D63C7EACB957E4.e.125/click {}</msg>
<msg time="2024-03-29T14:58:21.915499" level="DEBUG">http://localhost:62782 "POST /session/7ed6f079e96341594abb4ceb96d574f3/element/f.98F49713631925D1DAB45020D478231E.d.754564B0440B753657D63C7EACB957E4.e.125/click HTTP/1.1" 200 0</msg>
<msg time="2024-03-29T14:58:21.916498" level="DEBUG">Remote response: status=200 | data={"value":null} | headers=HTTPHeaderDict({'Content-Length': '14', 'Content-Type': 'application/json; charset=utf-8', 'cache-control': 'no-cache'})</msg>
<msg time="2024-03-29T14:58:21.916498" level="DEBUG">Finished Request</msg>
<msg time="2024-03-29T14:58:21.916498" level="TRACE">Return: None</msg>
<arg>${Login}</arg>
<doc>Click the element identified by ``locator``.</doc>
<status status="PASS" start="2024-03-29T14:58:21.269075" elapsed="0.647423"/>
</kw>
<kw name="Wait Until Page Contains Element" owner="SeleniumLibrary">
<msg time="2024-03-29T14:58:21.916498" level="TRACE">Arguments: [ "xpath://button[contains(text(),'Log in')]" ]</msg>
<msg time="2024-03-29T14:58:21.916498" level="DEBUG">POST http://localhost:62782/session/7ed6f079e96341594abb4ceb96d574f3/elements {'using': 'xpath', 'value': "//button[contains(text(),'Log in')]"}</msg>
<msg time="2024-03-29T14:58:21.937589" level="DEBUG">http://localhost:62782 "POST /session/7ed6f079e96341594abb4ceb96d574f3/elements HTTP/1.1" 200 0</msg>
<msg time="2024-03-29T14:58:21.937589" level="DEBUG">Remote response: status=200 | data={"value":[{"element-6066-11e4-a52e-4f735466cecf":"f.98F49713631925D1DAB45020D478231E.d.2DA1122DC4FA580F2B75B17D51F78BAF.e.139"}]} | headers=HTTPHeaderDict({'Content-Length': '129', 'Content-Type': 'application/json; charset=utf-8', 'cache-control': 'no-cache'})</msg>
<msg time="2024-03-29T14:58:21.937589" level="DEBUG">Finished Request</msg>
<msg time="2024-03-29T14:58:21.937589" level="TRACE">Return: None</msg>
<arg>${Login_Button}</arg>
<doc>Waits until the element ``locator`` appears on the current page.</doc>
<status status="PASS" start="2024-03-29T14:58:21.916498" elapsed="0.021091"/>
</kw>
<kw name="Input Text" owner="SeleniumLibrary">
<msg time="2024-03-29T14:58:21.937589" level="TRACE">Arguments: [ "xpath://input[@id='Email']" | 'abdullahsqa12@gmail.com' ]</msg>
<msg time="2024-03-29T14:58:21.937589" level="INFO">Typing text 'abdullahsqa12@gmail.com' into text field 'xpath://input[@id='Email']'.</msg>
<msg time="2024-03-29T14:58:21.937589" level="DEBUG">POST http://localhost:62782/session/7ed6f079e96341594abb4ceb96d574f3/elements {'using': 'xpath', 'value': "//input[@id='Email']"}</msg>
<msg time="2024-03-29T14:58:21.950297" level="DEBUG">http://localhost:62782 "POST /session/7ed6f079e96341594abb4ceb96d574f3/elements HTTP/1.1" 200 0</msg>
<msg time="2024-03-29T14:58:21.950297" level="DEBUG">Remote response: status=200 | data={"value":[{"element-6066-11e4-a52e-4f735466cecf":"f.98F49713631925D1DAB45020D478231E.d.2DA1122DC4FA580F2B75B17D51F78BAF.e.127"}]} | headers=HTTPHeaderDict({'Content-Length': '129', 'Content-Type': 'application/json; charset=utf-8', 'cache-control': 'no-cache'})</msg>
<msg time="2024-03-29T14:58:21.950297" level="DEBUG">Finished Request</msg>
<msg time="2024-03-29T14:58:21.950297" level="DEBUG">POST http://localhost:62782/session/7ed6f079e96341594abb4ceb96d574f3/element/f.98F49713631925D1DAB45020D478231E.d.2DA1122DC4FA580F2B75B17D51F78BAF.e.127/clear {}</msg>
<msg time="2024-03-29T14:58:21.980781" level="DEBUG">http://localhost:62782 "POST /session/7ed6f079e96341594abb4ceb96d574f3/element/f.98F49713631925D1DAB45020D478231E.d.2DA1122DC4FA580F2B75B17D51F78BAF.e.127/clear HTTP/1.1" 200 0</msg>
<msg time="2024-03-29T14:58:21.980781" level="DEBUG">Remote response: status=200 | data={"value":null} | headers=HTTPHeaderDict({'Content-Length': '14', 'Content-Type': 'application/json; charset=utf-8', 'cache-control': 'no-cache'})</msg>
<msg time="2024-03-29T14:58:21.980781" level="DEBUG">Finished Request</msg>
<msg time="2024-03-29T14:58:21.980781" level="DEBUG">POST http://localhost:62782/session/7ed6f079e96341594abb4ceb96d574f3/element/f.98F49713631925D1DAB45020D478231E.d.2DA1122DC4FA580F2B75B17D51F78BAF.e.127/value {'text': 'abdullahsqa12@gmail.com', 'value': ['a', 'b', 'd', 'u', 'l', 'l', 'a', 'h', 's', 'q', 'a', '1', '2', '@', 'g', 'm', 'a', 'i', 'l', '.', 'c', 'o', 'm']}</msg>
<msg time="2024-03-29T14:58:22.025120" level="DEBUG">http://localhost:62782 "POST /session/7ed6f079e96341594abb4ceb96d574f3/element/f.98F49713631925D1DAB45020D478231E.d.2DA1122DC4FA580F2B75B17D51F78BAF.e.127/value HTTP/1.1" 200 0</msg>
<msg time="2024-03-29T14:58:22.026120" level="DEBUG">Remote response: status=200 | data={"value":null} | headers=HTTPHeaderDict({'Content-Length': '14', 'Content-Type': 'application/json; charset=utf-8', 'cache-control': 'no-cache'})</msg>
<msg time="2024-03-29T14:58:22.026120" level="DEBUG">Finished Request</msg>
<msg time="2024-03-29T14:58:22.026120" level="TRACE">Return: None</msg>
<arg>${Email_path}</arg>
<arg>${Email_id}</arg>
<doc>Types the given ``text`` into the text field identified by ``locator``.</doc>
<status status="PASS" start="2024-03-29T14:58:21.937589" elapsed="0.088531"/>
</kw>
<kw name="Input Password" owner="SeleniumLibrary">
<msg time="2024-03-29T14:58:22.026120" level="TRACE">Arguments: [ "xpath://input[@id='Password']" | '123456789' ]</msg>
<msg time="2024-03-29T14:58:22.026120" level="INFO">Typing password into text field 'xpath://input[@id='Password']'.</msg>
<msg time="2024-03-29T14:58:22.026120" level="DEBUG">POST http://localhost:62782/session/7ed6f079e96341594abb4ceb96d574f3/elements {'using': 'xpath', 'value': "//input[@id='Password']"}</msg>
<msg time="2024-03-29T14:58:22.034683" level="DEBUG">http://localhost:62782 "POST /session/7ed6f079e96341594abb4ceb96d574f3/elements HTTP/1.1" 200 0</msg>
<msg time="2024-03-29T14:58:22.034683" level="DEBUG">Remote response: status=200 | data={"value":[{"element-6066-11e4-a52e-4f735466cecf":"f.98F49713631925D1DAB45020D478231E.d.2DA1122DC4FA580F2B75B17D51F78BAF.e.129"}]} | headers=HTTPHeaderDict({'Content-Length': '129', 'Content-Type': 'application/json; charset=utf-8', 'cache-control': 'no-cache'})</msg>
<msg time="2024-03-29T14:58:22.035690" level="DEBUG">Finished Request</msg>
<msg time="2024-03-29T14:58:22.035690" level="DEBUG">POST http://localhost:62782/session/7ed6f079e96341594abb4ceb96d574f3/element/f.98F49713631925D1DAB45020D478231E.d.2DA1122DC4FA580F2B75B17D51F78BAF.e.129/clear {}</msg>
<msg time="2024-03-29T14:58:22.053011" level="DEBUG">http://localhost:62782 "POST /session/7ed6f079e96341594abb4ceb96d574f3/element/f.98F49713631925D1DAB45020D478231E.d.2DA1122DC4FA580F2B75B17D51F78BAF.e.129/clear HTTP/1.1" 200 0</msg>
<msg time="2024-03-29T14:58:22.053011" level="DEBUG">Remote response: status=200 | data={"value":null} | headers=HTTPHeaderDict({'Content-Length': '14', 'Content-Type': 'application/json; charset=utf-8', 'cache-control': 'no-cache'})</msg>
<msg time="2024-03-29T14:58:22.053011" level="DEBUG">Finished Request</msg>
<msg time="2024-03-29T14:58:22.053011" level="INFO">Temporally setting log level to: NONE</msg>
<msg time="2024-03-29T14:58:22.098715" level="DEBUG">Log level changed from NONE to TRACE.</msg>
<msg time="2024-03-29T14:58:22.099729" level="TRACE">Return: None</msg>
<arg>${Password}</arg>
<arg>${Password_Text}</arg>
<doc>Types the given password into the text field identified by ``locator``.</doc>
<status status="PASS" start="2024-03-29T14:58:22.026120" elapsed="0.073609"/>
</kw>
<kw name="Click Element" owner="SeleniumLibrary">
<msg time="2024-03-29T14:58:22.100715" level="TRACE">Arguments: [ "xpath://input[@id='RememberMe']" ]</msg>
<msg time="2024-03-29T14:58:22.100715" level="INFO">Clicking element 'xpath://input[@id='RememberMe']'.</msg>
<msg time="2024-03-29T14:58:22.100715" level="DEBUG">POST http://localhost:62782/session/7ed6f079e96341594abb4ceb96d574f3/elements {'using': 'xpath', 'value': "//input[@id='RememberMe']"}</msg>
<msg time="2024-03-29T14:58:22.111517" level="DEBUG">http://localhost:62782 "POST /session/7ed6f079e96341594abb4ceb96d574f3/elements HTTP/1.1" 200 0</msg>
<msg time="2024-03-29T14:58:22.112524" level="DEBUG">Remote response: status=200 | data={"value":[{"element-6066-11e4-a52e-4f735466cecf":"f.98F49713631925D1DAB45020D478231E.d.2DA1122DC4FA580F2B75B17D51F78BAF.e.130"}]} | headers=HTTPHeaderDict({'Content-Length': '129', 'Content-Type': 'application/json; charset=utf-8', 'cache-control': 'no-cache'})</msg>
<msg time="2024-03-29T14:58:22.112524" level="DEBUG">Finished Request</msg>
<msg time="2024-03-29T14:58:22.112524" level="DEBUG">POST http://localhost:62782/session/7ed6f079e96341594abb4ceb96d574f3/element/f.98F49713631925D1DAB45020D478231E.d.2DA1122DC4FA580F2B75B17D51F78BAF.e.130/click {}</msg>
<msg time="2024-03-29T14:58:22.161368" level="DEBUG">http://localhost:62782 "POST /session/7ed6f079e96341594abb4ceb96d574f3/element/f.98F49713631925D1DAB45020D478231E.d.2DA1122DC4FA580F2B75B17D51F78BAF.e.130/click HTTP/1.1" 200 0</msg>
<msg time="2024-03-29T14:58:22.161368" level="DEBUG">Remote response: status=200 | data={"value":null} | headers=HTTPHeaderDict({'Content-Length': '14', 'Content-Type': 'application/json; charset=utf-8', 'cache-control': 'no-cache'})</msg>
<msg time="2024-03-29T14:58:22.161368" level="DEBUG">Finished Request</msg>
<msg time="2024-03-29T14:58:22.161368" level="TRACE">Return: None</msg>
<arg>${Remember_Me_Checkbox}</arg>
<doc>Click the element identified by ``locator``.</doc>
<status status="PASS" start="2024-03-29T14:58:22.100715" elapsed="0.060653"/>
</kw>
<kw name="Click Element" owner="SeleniumLibrary">
<msg time="2024-03-29T14:58:22.162810" level="TRACE">Arguments: [ "xpath://button[contains(text(),'Log in')]" ]</msg>
<msg time="2024-03-29T14:58:22.162810" level="INFO">Clicking element 'xpath://button[contains(text(),'Log in')]'.</msg>
<msg time="2024-03-29T14:58:22.162810" level="DEBUG">POST http://localhost:62782/session/7ed6f079e96341594abb4ceb96d574f3/elements {'using': 'xpath', 'value': "//button[contains(text(),'Log in')]"}</msg>
<msg time="2024-03-29T14:58:22.172816" level="DEBUG">http://localhost:62782 "POST /session/7ed6f079e96341594abb4ceb96d574f3/elements HTTP/1.1" 200 0</msg>
<msg time="2024-03-29T14:58:22.172816" level="DEBUG">Remote response: status=200 | data={"value":[{"element-6066-11e4-a52e-4f735466cecf":"f.98F49713631925D1DAB45020D478231E.d.2DA1122DC4FA580F2B75B17D51F78BAF.e.139"}]} | headers=HTTPHeaderDict({'Content-Length': '129', 'Content-Type': 'application/json; charset=utf-8', 'cache-control': 'no-cache'})</msg>
<msg time="2024-03-29T14:58:22.172816" level="DEBUG">Finished Request</msg>
<msg time="2024-03-29T14:58:22.172816" level="DEBUG">POST http://localhost:62782/session/7ed6f079e96341594abb4ceb96d574f3/element/f.98F49713631925D1DAB45020D478231E.d.2DA1122DC4FA580F2B75B17D51F78BAF.e.139/click {}</msg>
<msg time="2024-03-29T14:58:23.315500" level="DEBUG">http://localhost:62782 "POST /session/7ed6f079e96341594abb4ceb96d574f3/element/f.98F49713631925D1DAB45020D478231E.d.2DA1122DC4FA580F2B75B17D51F78BAF.e.139/click HTTP/1.1" 200 0</msg>
<msg time="2024-03-29T14:58:23.315500" level="DEBUG">Remote response: status=200 | data={"value":null} | headers=HTTPHeaderDict({'Content-Length': '14', 'Content-Type': 'application/json; charset=utf-8', 'cache-control': 'no-cache'})</msg>
<msg time="2024-03-29T14:58:23.315500" level="DEBUG">Finished Request</msg>
<msg time="2024-03-29T14:58:23.315500" level="TRACE">Return: None</msg>
<arg>${Login_Button}</arg>
<doc>Click the element identified by ``locator``.</doc>
<status status="PASS" start="2024-03-29T14:58:22.161368" elapsed="1.154132"/>
</kw>
<kw name="Sleep" owner="BuiltIn">
<msg time="2024-03-29T14:58:23.315500" level="TRACE">Arguments: [ '5s' ]</msg>
<msg time="2024-03-29T14:58:28.316012" level="INFO">Slept 5 seconds.</msg>
<msg time="2024-03-29T14:58:28.316012" level="TRACE">Return: None</msg>
<arg>5s</arg>
<doc>Pauses the test executed for the given time.</doc>
<status status="PASS" start="2024-03-29T14:58:23.315500" elapsed="5.000512"/>
</kw>
<msg time="2024-03-29T14:58:28.316012" level="TRACE">Return: None</msg>
<status status="PASS" start="2024-03-29T14:58:21.268058" elapsed="7.047954"/>
</kw>
<kw name="I Add Product in Wishlist" owner="Wishlist">
<msg time="2024-03-29T14:58:28.317123" level="TRACE">Arguments: [  ]</msg>
<kw name="Click Element" owner="SeleniumLibrary">
<msg time="2024-03-29T14:58:28.318024" level="TRACE">Arguments: [ 'xpath://body/div[6]/div[1]/div[2]/div[1]' ]</msg>
<msg time="2024-03-29T14:58:28.318024" level="INFO">Clicking element 'xpath://body/div[6]/div[1]/div[2]/div[1]'.</msg>
<msg time="2024-03-29T14:58:28.318024" level="DEBUG">POST http://localhost:62782/session/7ed6f079e96341594abb4ceb96d574f3/elements {'using': 'xpath', 'value': '//body/div[6]/div[1]/div[2]/div[1]'}</msg>
<msg time="2024-03-29T14:58:28.335853" level="DEBUG">http://localhost:62782 "POST /session/7ed6f079e96341594abb4ceb96d574f3/elements HTTP/1.1" 200 0</msg>
<msg time="2024-03-29T14:58:28.336971" level="DEBUG">Remote response: status=200 | data={"value":[{"element-6066-11e4-a52e-4f735466cecf":"f.98F49713631925D1DAB45020D478231E.d.7011837B6ABD50242851796167FA258E.e.169"}]} | headers=HTTPHeaderDict({'Content-Length': '129', 'Content-Type': 'application/json; charset=utf-8', 'cache-control': 'no-cache'})</msg>
<msg time="2024-03-29T14:58:28.336971" level="DEBUG">Finished Request</msg>
<msg time="2024-03-29T14:58:28.336971" level="DEBUG">POST http://localhost:62782/session/7ed6f079e96341594abb4ceb96d574f3/element/f.98F49713631925D1DAB45020D478231E.d.7011837B6ABD50242851796167FA258E.e.169/click {}</msg>
<msg time="2024-03-29T14:58:28.953809" level="DEBUG">http://localhost:62782 "POST /session/7ed6f079e96341594abb4ceb96d574f3/element/f.98F49713631925D1DAB45020D478231E.d.7011837B6ABD50242851796167FA258E.e.169/click HTTP/1.1" 200 0</msg>
<msg time="2024-03-29T14:58:28.953809" level="DEBUG">Remote response: status=200 | data={"value":null} | headers=HTTPHeaderDict({'Content-Length': '14', 'Content-Type': 'application/json; charset=utf-8', 'cache-control': 'no-cache'})</msg>
<msg time="2024-03-29T14:58:28.953809" level="DEBUG">Finished Request</msg>
<msg time="2024-03-29T14:58:28.953809" level="TRACE">Return: None</msg>
<arg>${NopeLogo}</arg>
<doc>Click the element identified by ``locator``.</doc>
<status status="PASS" start="2024-03-29T14:58:28.317123" elapsed="0.636686"/>
</kw>
<kw name="Click Element" owner="SeleniumLibrary">
<msg time="2024-03-29T14:58:28.954816" level="TRACE">Arguments: [ 'xpath://body/div[6]/div[2]/ul[1]/li[6]/a[1]' ]</msg>
<msg time="2024-03-29T14:58:28.954816" level="INFO">Clicking element 'xpath://body/div[6]/div[2]/ul[1]/li[6]/a[1]'.</msg>
<msg time="2024-03-29T14:58:28.954816" level="DEBUG">POST http://localhost:62782/session/7ed6f079e96341594abb4ceb96d574f3/elements {'using': 'xpath', 'value': '//body/div[6]/div[2]/ul[1]/li[6]/a[1]'}</msg>
<msg time="2024-03-29T14:58:28.970231" level="DEBUG">http://localhost:62782 "POST /session/7ed6f079e96341594abb4ceb96d574f3/elements HTTP/1.1" 200 0</msg>
<msg time="2024-03-29T14:58:28.971231" level="DEBUG">Remote response: status=200 | data={"value":[{"element-6066-11e4-a52e-4f735466cecf":"f.98F49713631925D1DAB45020D478231E.d.38263E81AE89FA763DC327AF1D085249.e.194"}]} | headers=HTTPHeaderDict({'Content-Length': '129', 'Content-Type': 'application/json; charset=utf-8', 'cache-control': 'no-cache'})</msg>
<msg time="2024-03-29T14:58:28.971231" level="DEBUG">Finished Request</msg>
<msg time="2024-03-29T14:58:28.971231" level="DEBUG">POST http://localhost:62782/session/7ed6f079e96341594abb4ceb96d574f3/element/f.98F49713631925D1DAB45020D478231E.d.38263E81AE89FA763DC327AF1D085249.e.194/click {}</msg>
<msg time="2024-03-29T14:58:30.871798" level="DEBUG">http://localhost:62782 "POST /session/7ed6f079e96341594abb4ceb96d574f3/element/f.98F49713631925D1DAB45020D478231E.d.38263E81AE89FA763DC327AF1D085249.e.194/click HTTP/1.1" 200 0</msg>
<msg time="2024-03-29T14:58:30.871798" level="DEBUG">Remote response: status=200 | data={"value":null} | headers=HTTPHeaderDict({'Content-Length': '14', 'Content-Type': 'application/json; charset=utf-8', 'cache-control': 'no-cache'})</msg>
<msg time="2024-03-29T14:58:30.871798" level="DEBUG">Finished Request</msg>
<msg time="2024-03-29T14:58:30.871798" level="TRACE">Return: None</msg>
<arg>${Jewelry_Tab}</arg>
<doc>Click the element identified by ``locator``.</doc>
<status status="PASS" start="2024-03-29T14:58:28.953809" elapsed="1.917989"/>
</kw>
<kw name="Sleep" owner="BuiltIn">
<msg time="2024-03-29T14:58:30.873304" level="TRACE">Arguments: [ '3s' ]</msg>
<msg time="2024-03-29T14:58:33.873894" level="INFO">Slept 3 seconds.</msg>
<msg time="2024-03-29T14:58:33.873894" level="TRACE">Return: None</msg>
<arg>3s</arg>
<doc>Pauses the test executed for the given time.</doc>
<status status="PASS" start="2024-03-29T14:58:30.873304" elapsed="3.000590"/>
</kw>
<kw name="Click Element" owner="SeleniumLibrary">
<msg time="2024-03-29T14:58:33.873894" level="TRACE">Arguments: [ "xpath://a[contains(text(),'Elegant Gemstone Necklace (rental)')]" ]</msg>
<msg time="2024-03-29T14:58:33.873894" level="INFO">Clicking element 'xpath://a[contains(text(),'Elegant Gemstone Necklace (rental)')]'.</msg>
<msg time="2024-03-29T14:58:33.873894" level="DEBUG">POST http://localhost:62782/session/7ed6f079e96341594abb4ceb96d574f3/elements {'using': 'xpath', 'value': "//a[contains(text(),'Elegant Gemstone Necklace (rental)')]"}</msg>
<msg time="2024-03-29T14:58:33.889324" level="DEBUG">http://localhost:62782 "POST /session/7ed6f079e96341594abb4ceb96d574f3/elements HTTP/1.1" 200 0</msg>
<msg time="2024-03-29T14:58:33.889324" level="DEBUG">Remote response: status=200 | data={"value":[{"element-6066-11e4-a52e-4f735466cecf":"f.98F49713631925D1DAB45020D478231E.d.12B4E8D60273AE6A330886A95C4A217B.e.209"}]} | headers=HTTPHeaderDict({'Content-Length': '129', 'Content-Type': 'application/json; charset=utf-8', 'cache-control': 'no-cache'})</msg>
<msg time="2024-03-29T14:58:33.890939" level="DEBUG">Finished Request</msg>
<msg time="2024-03-29T14:58:33.890939" level="DEBUG">POST http://localhost:62782/session/7ed6f079e96341594abb4ceb96d574f3/element/f.98F49713631925D1DAB45020D478231E.d.12B4E8D60273AE6A330886A95C4A217B.e.209/click {}</msg>
<msg time="2024-03-29T14:58:35.356425" level="DEBUG">http://localhost:62782 "POST /session/7ed6f079e96341594abb4ceb96d574f3/element/f.98F49713631925D1DAB45020D478231E.d.12B4E8D60273AE6A330886A95C4A217B.e.209/click HTTP/1.1" 200 0</msg>
<msg time="2024-03-29T14:58:35.357525" level="DEBUG">Remote response: status=200 | data={"value":null} | headers=HTTPHeaderDict({'Content-Length': '14', 'Content-Type': 'application/json; charset=utf-8', 'cache-control': 'no-cache'})</msg>
<msg time="2024-03-29T14:58:35.357525" level="DEBUG">Finished Request</msg>
<msg time="2024-03-29T14:58:35.357525" level="TRACE">Return: None</msg>
<arg>${Necklace_Select}</arg>
<doc>Click the element identified by ``locator``.</doc>
<status status="PASS" start="2024-03-29T14:58:33.873894" elapsed="1.483631"/>
</kw>
<kw name="Wait Until Page Contains Element" owner="SeleniumLibrary">
<msg time="2024-03-29T14:58:35.358432" level="TRACE">Arguments: [ "xpath://h1[contains(text(),'Elegant Gemstone Necklace (rental)')]" ]</msg>
<msg time="2024-03-29T14:58:35.360540" level="DEBUG">POST http://localhost:62782/session/7ed6f079e96341594abb4ceb96d574f3/elements {'using': 'xpath', 'value': "//h1[contains(text(),'Elegant Gemstone Necklace (rental)')]"}</msg>
<msg time="2024-03-29T14:58:35.380745" level="DEBUG">http://localhost:62782 "POST /session/7ed6f079e96341594abb4ceb96d574f3/elements HTTP/1.1" 200 0</msg>
<msg time="2024-03-29T14:58:35.381798" level="DEBUG">Remote response: status=200 | data={"value":[{"element-6066-11e4-a52e-4f735466cecf":"f.98F49713631925D1DAB45020D478231E.d.E46BF1F0983D0338CA9357A384E5F6D5.e.231"}]} | headers=HTTPHeaderDict({'Content-Length': '129', 'Content-Type': 'application/json; charset=utf-8', 'cache-control': 'no-cache'})</msg>
<msg time="2024-03-29T14:58:35.381798" level="DEBUG">Finished Request</msg>
<msg time="2024-03-29T14:58:35.381798" level="TRACE">Return: None</msg>
<arg>${Necklace_Title_Name}</arg>
<doc>Waits until the element ``locator`` appears on the current page.</doc>
<status status="PASS" start="2024-03-29T14:58:35.358432" elapsed="0.023366"/>
</kw>
<kw name="Click Element" owner="SeleniumLibrary">
<msg time="2024-03-29T14:58:35.382829" level="TRACE">Arguments: [ 'id:rental_start_date_40' ]</msg>
<msg time="2024-03-29T14:58:35.382829" level="INFO">Clicking element 'id:rental_start_date_40'.</msg>
<msg time="2024-03-29T14:58:35.382829" level="DEBUG">POST http://localhost:62782/session/7ed6f079e96341594abb4ceb96d574f3/elements {'using': 'css selector', 'value': '[id="rental_start_date_40"]'}</msg>
<msg time="2024-03-29T14:58:35.397258" level="DEBUG">http://localhost:62782 "POST /session/7ed6f079e96341594abb4ceb96d574f3/elements HTTP/1.1" 200 0</msg>
<msg time="2024-03-29T14:58:35.397258" level="DEBUG">Remote response: status=200 | data={"value":[{"element-6066-11e4-a52e-4f735466cecf":"f.98F49713631925D1DAB45020D478231E.d.E46BF1F0983D0338CA9357A384E5F6D5.e.213"}]} | headers=HTTPHeaderDict({'Content-Length': '129', 'Content-Type': 'application/json; charset=utf-8', 'cache-control': 'no-cache'})</msg>
<msg time="2024-03-29T14:58:35.397258" level="DEBUG">Finished Request</msg>
<msg time="2024-03-29T14:58:35.398272" level="DEBUG">POST http://localhost:62782/session/7ed6f079e96341594abb4ceb96d574f3/element/f.98F49713631925D1DAB45020D478231E.d.E46BF1F0983D0338CA9357A384E5F6D5.e.213/click {}</msg>
<msg time="2024-03-29T14:58:35.479825" level="DEBUG">http://localhost:62782 "POST /session/7ed6f079e96341594abb4ceb96d574f3/element/f.98F49713631925D1DAB45020D478231E.d.E46BF1F0983D0338CA9357A384E5F6D5.e.213/click HTTP/1.1" 200 0</msg>
<msg time="2024-03-29T14:58:35.479825" level="DEBUG">Remote response: status=200 | data={"value":null} | headers=HTTPHeaderDict({'Content-Length': '14', 'Content-Type': 'application/json; charset=utf-8', 'cache-control': 'no-cache'})</msg>
<msg time="2024-03-29T14:58:35.479825" level="DEBUG">Finished Request</msg>
<msg time="2024-03-29T14:58:35.479825" level="TRACE">Return: None</msg>
<arg>${Click_Start_Date}</arg>
<doc>Click the element identified by ``locator``.</doc>
<status status="PASS" start="2024-03-29T14:58:35.382829" elapsed="0.096996"/>
</kw>
<kw name="Click Element" owner="SeleniumLibrary">
<msg time="2024-03-29T14:58:35.480822" level="TRACE">Arguments: [ "xpath://a[contains(text(),'30')]" ]</msg>
<msg time="2024-03-29T14:58:35.480822" level="INFO">Clicking element 'xpath://a[contains(text(),'30')]'.</msg>
<msg time="2024-03-29T14:58:35.480822" level="DEBUG">POST http://localhost:62782/session/7ed6f079e96341594abb4ceb96d574f3/elements {'using': 'xpath', 'value': "//a[contains(text(),'30')]"}</msg>
<msg time="2024-03-29T14:58:35.496129" level="DEBUG">http://localhost:62782 "POST /session/7ed6f079e96341594abb4ceb96d574f3/elements HTTP/1.1" 200 0</msg>
<msg time="2024-03-29T14:58:35.496129" level="DEBUG">Remote response: status=200 | data={"value":[{"element-6066-11e4-a52e-4f735466cecf":"f.98F49713631925D1DAB45020D478231E.d.E46BF1F0983D0338CA9357A384E5F6D5.e.233"}]} | headers=HTTPHeaderDict({'Content-Length': '129', 'Content-Type': 'application/json; charset=utf-8', 'cache-control': 'no-cache'})</msg>
<msg time="2024-03-29T14:58:35.496129" level="DEBUG">Finished Request</msg>
<msg time="2024-03-29T14:58:35.496129" level="DEBUG">POST http://localhost:62782/session/7ed6f079e96341594abb4ceb96d574f3/element/f.98F49713631925D1DAB45020D478231E.d.E46BF1F0983D0338CA9357A384E5F6D5.e.233/click {}</msg>
<msg time="2024-03-29T14:58:35.564026" level="DEBUG">http://localhost:62782 "POST /session/7ed6f079e96341594abb4ceb96d574f3/element/f.98F49713631925D1DAB45020D478231E.d.E46BF1F0983D0338CA9357A384E5F6D5.e.233/click HTTP/1.1" 200 0</msg>
<msg time="2024-03-29T14:58:35.564026" level="DEBUG">Remote response: status=200 | data={"value":null} | headers=HTTPHeaderDict({'Content-Length': '14', 'Content-Type': 'application/json; charset=utf-8', 'cache-control': 'no-cache'})</msg>
<msg time="2024-03-29T14:58:35.564026" level="DEBUG">Finished Request</msg>
<msg time="2024-03-29T14:58:35.564026" level="TRACE">Return: None</msg>
<arg>${Enter_Start_Date}</arg>
<doc>Click the element identified by ``locator``.</doc>
<status status="PASS" start="2024-03-29T14:58:35.479825" elapsed="0.084201"/>
</kw>
<kw name="Sleep" owner="BuiltIn">
<msg time="2024-03-29T14:58:35.565026" level="TRACE">Arguments: [ '2s' ]</msg>
<msg time="2024-03-29T14:58:37.565157" level="INFO">Slept 2 seconds.</msg>
<msg time="2024-03-29T14:58:37.565157" level="TRACE">Return: None</msg>
<arg>2s</arg>
<doc>Pauses the test executed for the given time.</doc>
<status status="PASS" start="2024-03-29T14:58:35.564026" elapsed="2.001131"/>
</kw>
<kw name="Click Element" owner="SeleniumLibrary">
<msg time="2024-03-29T14:58:37.566186" level="TRACE">Arguments: [ 'id:rental_end_date_40' ]</msg>
<msg time="2024-03-29T14:58:37.566186" level="INFO">Clicking element 'id:rental_end_date_40'.</msg>
<msg time="2024-03-29T14:58:37.566186" level="DEBUG">POST http://localhost:62782/session/7ed6f079e96341594abb4ceb96d574f3/elements {'using': 'css selector', 'value': '[id="rental_end_date_40"]'}</msg>
<msg time="2024-03-29T14:58:37.587240" level="DEBUG">http://localhost:62782 "POST /session/7ed6f079e96341594abb4ceb96d574f3/elements HTTP/1.1" 200 0</msg>
<msg time="2024-03-29T14:58:37.588268" level="DEBUG">Remote response: status=200 | data={"value":[{"element-6066-11e4-a52e-4f735466cecf":"f.98F49713631925D1DAB45020D478231E.d.E46BF1F0983D0338CA9357A384E5F6D5.e.214"}]} | headers=HTTPHeaderDict({'Content-Length': '129', 'Content-Type': 'application/json; charset=utf-8', 'cache-control': 'no-cache'})</msg>
<msg time="2024-03-29T14:58:37.588268" level="DEBUG">Finished Request</msg>
<msg time="2024-03-29T14:58:37.588268" level="DEBUG">POST http://localhost:62782/session/7ed6f079e96341594abb4ceb96d574f3/element/f.98F49713631925D1DAB45020D478231E.d.E46BF1F0983D0338CA9357A384E5F6D5.e.214/click {}</msg>
<msg time="2024-03-29T14:58:37.663936" level="DEBUG">http://localhost:62782 "POST /session/7ed6f079e96341594abb4ceb96d574f3/element/f.98F49713631925D1DAB45020D478231E.d.E46BF1F0983D0338CA9357A384E5F6D5.e.214/click HTTP/1.1" 200 0</msg>
<msg time="2024-03-29T14:58:37.663936" level="DEBUG">Remote response: status=200 | data={"value":null} | headers=HTTPHeaderDict({'Content-Length': '14', 'Content-Type': 'application/json; charset=utf-8', 'cache-control': 'no-cache'})</msg>
<msg time="2024-03-29T14:58:37.663936" level="DEBUG">Finished Request</msg>
<msg time="2024-03-29T14:58:37.663936" level="TRACE">Return: None</msg>
<arg>${Click_End_Date}</arg>
<doc>Click the element identified by ``locator``.</doc>
<status status="PASS" start="2024-03-29T14:58:37.565157" elapsed="0.098779"/>
</kw>
<kw name="Click Element" owner="SeleniumLibrary">
<msg time="2024-03-29T14:58:37.663936" level="TRACE">Arguments: [ "xpath://a[contains(text(),'31')]" ]</msg>
<msg time="2024-03-29T14:58:37.664946" level="INFO">Clicking element 'xpath://a[contains(text(),'31')]'.</msg>
<msg time="2024-03-29T14:58:37.664946" level="DEBUG">POST http://localhost:62782/session/7ed6f079e96341594abb4ceb96d574f3/elements {'using': 'xpath', 'value': "//a[contains(text(),'31')]"}</msg>
<msg time="2024-03-29T14:58:37.679747" level="DEBUG">http://localhost:62782 "POST /session/7ed6f079e96341594abb4ceb96d574f3/elements HTTP/1.1" 200 0</msg>
<msg time="2024-03-29T14:58:37.679747" level="DEBUG">Remote response: status=200 | data={"value":[{"element-6066-11e4-a52e-4f735466cecf":"f.98F49713631925D1DAB45020D478231E.d.E46BF1F0983D0338CA9357A384E5F6D5.e.239"}]} | headers=HTTPHeaderDict({'Content-Length': '129', 'Content-Type': 'application/json; charset=utf-8', 'cache-control': 'no-cache'})</msg>
<msg time="2024-03-29T14:58:37.679747" level="DEBUG">Finished Request</msg>
<msg time="2024-03-29T14:58:37.679747" level="DEBUG">POST http://localhost:62782/session/7ed6f079e96341594abb4ceb96d574f3/element/f.98F49713631925D1DAB45020D478231E.d.E46BF1F0983D0338CA9357A384E5F6D5.e.239/click {}</msg>
<msg time="2024-03-29T14:58:37.738886" level="DEBUG">http://localhost:62782 "POST /session/7ed6f079e96341594abb4ceb96d574f3/element/f.98F49713631925D1DAB45020D478231E.d.E46BF1F0983D0338CA9357A384E5F6D5.e.239/click HTTP/1.1" 200 0</msg>
<msg time="2024-03-29T14:58:37.738886" level="DEBUG">Remote response: status=200 | data={"value":null} | headers=HTTPHeaderDict({'Content-Length': '14', 'Content-Type': 'application/json; charset=utf-8', 'cache-control': 'no-cache'})</msg>
<msg time="2024-03-29T14:58:37.738886" level="DEBUG">Finished Request</msg>
<msg time="2024-03-29T14:58:37.738886" level="TRACE">Return: None</msg>
<arg>${Enter_End_Date}</arg>
<doc>Click the element identified by ``locator``.</doc>
<status status="PASS" start="2024-03-29T14:58:37.663936" elapsed="0.074950"/>
</kw>
<kw name="Click Element" owner="SeleniumLibrary">
<msg time="2024-03-29T14:58:37.739895" level="TRACE">Arguments: [ 'id:add-to-wishlist-button-40' ]</msg>
<msg time="2024-03-29T14:58:37.739895" level="INFO">Clicking element 'id:add-to-wishlist-button-40'.</msg>
<msg time="2024-03-29T14:58:37.739895" level="DEBUG">POST http://localhost:62782/session/7ed6f079e96341594abb4ceb96d574f3/elements {'using': 'css selector', 'value': '[id="add-to-wishlist-button-40"]'}</msg>
<msg time="2024-03-29T14:58:37.753441" level="DEBUG">http://localhost:62782 "POST /session/7ed6f079e96341594abb4ceb96d574f3/elements HTTP/1.1" 200 0</msg>
<msg time="2024-03-29T14:58:37.753441" level="DEBUG">Remote response: status=200 | data={"value":[{"element-6066-11e4-a52e-4f735466cecf":"f.98F49713631925D1DAB45020D478231E.d.E46BF1F0983D0338CA9357A384E5F6D5.e.240"}]} | headers=HTTPHeaderDict({'Content-Length': '129', 'Content-Type': 'application/json; charset=utf-8', 'cache-control': 'no-cache'})</msg>
<msg time="2024-03-29T14:58:37.753441" level="DEBUG">Finished Request</msg>
<msg time="2024-03-29T14:58:37.753441" level="DEBUG">POST http://localhost:62782/session/7ed6f079e96341594abb4ceb96d574f3/element/f.98F49713631925D1DAB45020D478231E.d.E46BF1F0983D0338CA9357A384E5F6D5.e.240/click {}</msg>
<msg time="2024-03-29T14:58:37.812710" level="DEBUG">http://localhost:62782 "POST /session/7ed6f079e96341594abb4ceb96d574f3/element/f.98F49713631925D1DAB45020D478231E.d.E46BF1F0983D0338CA9357A384E5F6D5.e.240/click HTTP/1.1" 200 0</msg>
<msg time="2024-03-29T14:58:37.812710" level="DEBUG">Remote response: status=200 | data={"value":null} | headers=HTTPHeaderDict({'Content-Length': '14', 'Content-Type': 'application/json; charset=utf-8', 'cache-control': 'no-cache'})</msg>
<msg time="2024-03-29T14:58:37.813710" level="DEBUG">Finished Request</msg>
<msg time="2024-03-29T14:58:37.813710" level="TRACE">Return: None</msg>
<arg>${Add_to_Wishlist}</arg>
<doc>Click the element identified by ``locator``.</doc>
<status status="PASS" start="2024-03-29T14:58:37.739895" elapsed="0.073815"/>
</kw>
<kw name="Sleep" owner="BuiltIn">
<msg time="2024-03-29T14:58:37.814709" level="TRACE">Arguments: [ '2s' ]</msg>
<msg time="2024-03-29T14:58:39.815401" level="INFO">Slept 2 seconds.</msg>
<msg time="2024-03-29T14:58:39.815401" level="TRACE">Return: None</msg>
<arg>2s</arg>
<doc>Pauses the test executed for the given time.</doc>
<status status="PASS" start="2024-03-29T14:58:37.814709" elapsed="2.000692"/>
</kw>
<msg time="2024-03-29T14:58:39.815401" level="TRACE">Return: None</msg>
<status status="PASS" start="2024-03-29T14:58:28.317123" elapsed="11.498278"/>
</kw>
<kw name="Given I hover the Electronics tab and select the Camera &amp; Photo" owner="Single_Product">
<msg time="2024-03-29T14:58:39.817547" level="TRACE">Arguments: [  ]</msg>
<kw name="Sleep" owner="BuiltIn">
<msg time="2024-03-29T14:58:39.817547" level="TRACE">Arguments: [ '5s' ]</msg>
<msg time="2024-03-29T14:58:44.817984" level="INFO">Slept 5 seconds.</msg>
<msg time="2024-03-29T14:58:44.817984" level="TRACE">Return: None</msg>
<arg>5s</arg>
<doc>Pauses the test executed for the given time.</doc>
<status status="PASS" start="2024-03-29T14:58:39.817547" elapsed="5.000437"/>
</kw>
<kw name="Click Element" owner="SeleniumLibrary">
<msg time="2024-03-29T14:58:44.819005" level="TRACE">Arguments: [ 'xpath://body/div[6]/div[1]/div[2]/div[1]' ]</msg>
<msg time="2024-03-29T14:58:44.819005" level="INFO">Clicking element 'xpath://body/div[6]/div[1]/div[2]/div[1]'.</msg>
<msg time="2024-03-29T14:58:44.819005" level="DEBUG">POST http://localhost:62782/session/7ed6f079e96341594abb4ceb96d574f3/elements {'using': 'xpath', 'value': '//body/div[6]/div[1]/div[2]/div[1]'}</msg>
<msg time="2024-03-29T14:58:44.837645" level="DEBUG">http://localhost:62782 "POST /session/7ed6f079e96341594abb4ceb96d574f3/elements HTTP/1.1" 200 0</msg>
<msg time="2024-03-29T14:58:44.837645" level="DEBUG">Remote response: status=200 | data={"value":[{"element-6066-11e4-a52e-4f735466cecf":"f.98F49713631925D1DAB45020D478231E.d.E46BF1F0983D0338CA9357A384E5F6D5.e.244"}]} | headers=HTTPHeaderDict({'Content-Length': '129', 'Content-Type': 'application/json; charset=utf-8', 'cache-control': 'no-cache'})</msg>
<msg time="2024-03-29T14:58:44.837645" level="DEBUG">Finished Request</msg>
<msg time="2024-03-29T14:58:44.838666" level="DEBUG">POST http://localhost:62782/session/7ed6f079e96341594abb4ceb96d574f3/element/f.98F49713631925D1DAB45020D478231E.d.E46BF1F0983D0338CA9357A384E5F6D5.e.244/click {}</msg>
[...]
<arg>${Select_Month_Shipping}</arg>
<doc>Click the element identified by ``locator``.</doc>
<status status="PASS" start="2024-03-29T14:59:37.476033" elapsed="0.025212"/>
</kw>
<kw name="Click Element" owner="SeleniumLibrary">
<msg time="2024-03-29T14:59:37.502266" level="TRACE">Arguments: [ "xpath://select[@id='ExpireYear']" ]</msg>
<msg time="2024-03-29T14:59:37.502266" level="INFO">Clicking element 'xpath://select[@id='ExpireYear']'.</msg>
<msg time="2024-03-29T14:59:37.502266" level="DEBUG">POST http://localhost:62782/session/7ed6f079e96341594abb4ceb96d574f3/elements {'using': 'xpath', 'value': "//select[@id='ExpireYear']"}</msg>
<msg time="2024-03-29T14:59:37.511253" level="DEBUG">http://localhost:62782 "POST /session/7ed6f079e96341594abb4ceb96d574f3/elements HTTP/1.1" 200 0</msg>
<msg time="2024-03-29T14:59:37.512245" level="DEBUG">Remote response: status=200 | data={"value":[{"element-6066-11e4-a52e-4f735466cecf":"f.98F49713631925D1DAB45020D478231E.d.EBFF7B9D10C523BFCA31B84E7F78AEEC.e.647"}]} | headers=HTTPHeaderDict({'Content-Length': '129', 'Content-Type': 'application/json; charset=utf-8', 'cache-control': 'no-cache'})</msg>
<msg time="2024-03-29T14:59:37.512245" level="DEBUG">Finished Request</msg>
<msg time="2024-03-29T14:59:37.512245" level="DEBUG">POST http://localhost:62782/session/7ed6f079e96341594abb4ceb96d574f3/element/f.98F49713631925D1DAB45020D478231E.d.EBFF7B9D10C523BFCA31B84E7F78AEEC.e.647/click {}</msg>
<msg time="2024-03-29T14:59:37.583623" level="DEBUG">http://localhost:62782 "POST /session/7ed6f079e96341594abb4ceb96d574f3/element/f.98F49713631925D1DAB45020D478231E.d.EBFF7B9D10C523BFCA31B84E7F78AEEC.e.647/click HTTP/1.1" 200 0</msg>
<msg time="2024-03-29T14:59:37.583623" level="DEBUG">Remote response: status=200 | data={"value":null} | headers=HTTPHeaderDict({'Content-Length': '14', 'Content-Type': 'application/json; charset=utf-8', 'cache-control': 'no-cache'})</msg>
<msg time="2024-03-29T14:59:37.583623" level="DEBUG">Finished Request</msg>
<msg time="2024-03-29T14:59:37.583623" level="TRACE">Return: None</msg>
<arg>${ExpiryYear_Shipping}</arg>
<doc>Click the element identified by ``locator``.</doc>
<status status="PASS" start="2024-03-29T14:59:37.502266" elapsed="0.081357"/>
</kw>
<kw name="Click Element" owner="SeleniumLibrary">
<msg time="2024-03-29T14:59:37.584623" level="TRACE">Arguments: [ "xpath://option[contains(text(),'2027')]" ]</msg>
<msg time="2024-03-29T14:59:37.584623" level="INFO">Clicking element 'xpath://option[contains(text(),'2027')]'.</msg>
<msg time="2024-03-29T14:59:37.584623" level="DEBUG">POST http://localhost:62782/session/7ed6f079e96341594abb4ceb96d574f3/elements {'using': 'xpath', 'value': "//option[contains(text(),'2027')]"}</msg>
<msg time="2024-03-29T14:59:37.603636" level="DEBUG">http://localhost:62782 "POST /session/7ed6f079e96341594abb4ceb96d574f3/elements HTTP/1.1" 200 0</msg>
<msg time="2024-03-29T14:59:37.603636" level="DEBUG">Remote response: status=200 | data={"value":[{"element-6066-11e4-a52e-4f735466cecf":"f.98F49713631925D1DAB45020D478231E.d.EBFF7B9D10C523BFCA31B84E7F78AEEC.e.663"}]} | headers=HTTPHeaderDict({'Content-Length': '129', 'Content-Type': 'application/json; charset=utf-8', 'cache-control': 'no-cache'})</msg>
<msg time="2024-03-29T14:59:37.603636" level="DEBUG">Finished Request</msg>
<msg time="2024-03-29T14:59:37.604643" level="DEBUG">POST http://localhost:62782/session/7ed6f079e96341594abb4ceb96d574f3/element/f.98F49713631925D1DAB45020D478231E.d.EBFF7B9D10C523BFCA31B84E7F78AEEC.e.663/click {}</msg>
<msg time="2024-03-29T14:59:37.631701" level="DEBUG">http://localhost:62782 "POST /session/7ed6f079e96341594abb4ceb96d574f3/element/f.98F49713631925D1DAB45020D478231E.d.EBFF7B9D10C523BFCA31B84E7F78AEEC.e.663/click HTTP/1.1" 200 0</msg>
<msg time="2024-03-29T14:59:37.631701" level="DEBUG">Remote response: status=200 | data={"value":null} | headers=HTTPHeaderDict({'Content-Length': '14', 'Content-Type': 'application/json; charset=utf-8', 'cache-control': 'no-cache'})</msg>
<msg time="2024-03-29T14:59:37.631701" level="DEBUG">Finished Request</msg>
<msg time="2024-03-29T14:59:37.631701" level="TRACE">Return: None</msg>
<arg>${Select_Year_Shipping}</arg>
<doc>Click the element identified by ``locator``.</doc>
<status status="PASS" start="2024-03-29T14:59:37.584623" elapsed="0.047078"/>
</kw>
<kw name="Click Element" owner="SeleniumLibrary">
<msg time="2024-03-29T14:59:37.633712" level="TRACE">Arguments: [ "xpath://input[@id='CardCode']" ]</msg>
<msg time="2024-03-29T14:59:37.633712" level="INFO">Clicking element 'xpath://input[@id='CardCode']'.</msg>
<msg time="2024-03-29T14:59:37.633712" level="DEBUG">POST http://localhost:62782/session/7ed6f079e96341594abb4ceb96d574f3/elements {'using': 'xpath', 'value': "//input[@id='CardCode']"}</msg>
<msg time="2024-03-29T14:59:37.647677" level="DEBUG">http://localhost:62782 "POST /session/7ed6f079e96341594abb4ceb96d574f3/elements HTTP/1.1" 200 0</msg>
<msg time="2024-03-29T14:59:37.648670" level="DEBUG">Remote response: status=200 | data={"value":[{"element-6066-11e4-a52e-4f735466cecf":"f.98F49713631925D1DAB45020D478231E.d.EBFF7B9D10C523BFCA31B84E7F78AEEC.e.648"}]} | headers=HTTPHeaderDict({'Content-Length': '129', 'Content-Type': 'application/json; charset=utf-8', 'cache-control': 'no-cache'})</msg>
<msg time="2024-03-29T14:59:37.648670" level="DEBUG">Finished Request</msg>
<msg time="2024-03-29T14:59:37.648670" level="DEBUG">POST http://localhost:62782/session/7ed6f079e96341594abb4ceb96d574f3/element/f.98F49713631925D1DAB45020D478231E.d.EBFF7B9D10C523BFCA31B84E7F78AEEC.e.648/click {}</msg>
<msg time="2024-03-29T14:59:37.702635" level="DEBUG">http://localhost:62782 "POST /session/7ed6f079e96341594abb4ceb96d574f3/element/f.98F49713631925D1DAB45020D478231E.d.EBFF7B9D10C523BFCA31B84E7F78AEEC.e.648/click HTTP/1.1" 200 0</msg>
<msg time="2024-03-29T14:59:37.702635" level="DEBUG">Remote response: status=200 | data={"value":null} | headers=HTTPHeaderDict({'Content-Length': '14', 'Content-Type': 'application/json; charset=utf-8', 'cache-control': 'no-cache'})</msg>
<msg time="2024-03-29T14:59:37.702635" level="DEBUG">Finished Request</msg>
<msg time="2024-03-29T14:59:37.702635" level="TRACE">Return: None</msg>
<arg>${Card_Code}</arg>
<doc>Click the element identified by ``locator``.</doc>
<status status="PASS" start="2024-03-29T14:59:37.632709" elapsed="0.069926"/>
</kw>
<kw name="Input Text" owner="SeleniumLibrary">
<msg time="2024-03-29T14:59:37.704635" level="TRACE">Arguments: [ "xpath://input[@id='CardCode']" | '234' ]</msg>
<msg time="2024-03-29T14:59:37.704635" level="INFO">Typing text '234' into text field 'xpath://input[@id='CardCode']'.</msg>
<msg time="2024-03-29T14:59:37.704635" level="DEBUG">POST http://localhost:62782/session/7ed6f079e96341594abb4ceb96d574f3/elements {'using': 'xpath', 'value': "//input[@id='CardCode']"}</msg>
<msg time="2024-03-29T14:59:37.711567" level="DEBUG">http://localhost:62782 "POST /session/7ed6f079e96341594abb4ceb96d574f3/elements HTTP/1.1" 200 0</msg>
<msg time="2024-03-29T14:59:37.711567" level="DEBUG">Remote response: status=200 | data={"value":[{"element-6066-11e4-a52e-4f735466cecf":"f.98F49713631925D1DAB45020D478231E.d.EBFF7B9D10C523BFCA31B84E7F78AEEC.e.648"}]} | headers=HTTPHeaderDict({'Content-Length': '129', 'Content-Type': 'application/json; charset=utf-8', 'cache-control': 'no-cache'})</msg>
<msg time="2024-03-29T14:59:37.711567" level="DEBUG">Finished Request</msg>
<msg time="2024-03-29T14:59:37.711567" level="DEBUG">POST http://localhost:62782/session/7ed6f079e96341594abb4ceb96d574f3/element/f.98F49713631925D1DAB45020D478231E.d.EBFF7B9D10C523BFCA31B84E7F78AEEC.e.648/clear {}</msg>
<msg time="2024-03-29T14:59:37.738810" level="DEBUG">http://localhost:62782 "POST /session/7ed6f079e96341594abb4ceb96d574f3/element/f.98F49713631925D1DAB45020D478231E.d.EBFF7B9D10C523BFCA31B84E7F78AEEC.e.648/clear HTTP/1.1" 200 0</msg>
<msg time="2024-03-29T14:59:37.738810" level="DEBUG">Remote response: status=200 | data={"value":null} | headers=HTTPHeaderDict({'Content-Length': '14', 'Content-Type': 'application/json; charset=utf-8', 'cache-control': 'no-cache'})</msg>
<msg time="2024-03-29T14:59:37.738810" level="DEBUG">Finished Request</msg>
<msg time="2024-03-29T14:59:37.738810" level="DEBUG">POST http://localhost:62782/session/7ed6f079e96341594abb4ceb96d574f3/element/f.98F49713631925D1DAB45020D478231E.d.EBFF7B9D10C523BFCA31B84E7F78AEEC.e.648/value {'text': '234', 'value': ['2', '3', '4']}</msg>
<msg time="2024-03-29T14:59:37.758168" level="DEBUG">http://localhost:62782 "POST /session/7ed6f079e96341594abb4ceb96d574f3/element/f.98F49713631925D1DAB45020D478231E.d.EBFF7B9D10C523BFCA31B84E7F78AEEC.e.648/value HTTP/1.1" 200 0</msg>
<msg time="2024-03-29T14:59:37.759189" level="DEBUG">Remote response: status=200 | data={"value":null} | headers=HTTPHeaderDict({'Content-Length': '14', 'Content-Type': 'application/json; charset=utf-8', 'cache-control': 'no-cache'})</msg>
<msg time="2024-03-29T14:59:37.759189" level="DEBUG">Finished Request</msg>
<msg time="2024-03-29T14:59:37.759189" level="TRACE">Return: None</msg>
<arg>${Card_Code}</arg>
<arg>234</arg>
<doc>Types the given ``text`` into the text field identified by ``locator``.</doc>
<status status="PASS" start="2024-03-29T14:59:37.703643" elapsed="0.055546"/>
</kw>
<kw name="Click Element" owner="SeleniumLibrary">
<msg time="2024-03-29T14:59:37.760176" level="TRACE">Arguments: [ 'xpath://body/div[6]/div[3]/div[1]/div[1]/div[1]/div[2]/ol[1]/li[5]/div[2]/div[1]/button[1]' ]</msg>
<msg time="2024-03-29T14:59:37.760176" level="INFO">Clicking element 'xpath://body/div[6]/div[3]/div[1]/div[1]/div[1]/div[2]/ol[1]/li[5]/div[2]/div[1]/button[1]'.</msg>
<msg time="2024-03-29T14:59:37.760176" level="DEBUG">POST http://localhost:62782/session/7ed6f079e96341594abb4ceb96d574f3/elements {'using': 'xpath', 'value': '//body/div[6]/div[3]/div[1]/div[1]/div[1]/div[2]/ol[1]/li[5]/div[2]/div[1]/button[1]'}</msg>
<msg time="2024-03-29T14:59:37.769436" level="DEBUG">http://localhost:62782 "POST /session/7ed6f079e96341594abb4ceb96d574f3/elements HTTP/1.1" 200 0</msg>
<msg time="2024-03-29T14:59:37.769436" level="DEBUG">Remote response: status=200 | data={"value":[{"element-6066-11e4-a52e-4f735466cecf":"f.98F49713631925D1DAB45020D478231E.d.EBFF7B9D10C523BFCA31B84E7F78AEEC.e.666"}]} | headers=HTTPHeaderDict({'Content-Length': '129', 'Content-Type': 'application/json; charset=utf-8', 'cache-control': 'no-cache'})</msg>
<msg time="2024-03-29T14:59:37.769436" level="DEBUG">Finished Request</msg>
<msg time="2024-03-29T14:59:37.769436" level="DEBUG">POST http://localhost:62782/session/7ed6f079e96341594abb4ceb96d574f3/element/f.98F49713631925D1DAB45020D478231E.d.EBFF7B9D10C523BFCA31B84E7F78AEEC.e.666/click {}</msg>
<msg time="2024-03-29T14:59:37.794021" level="DEBUG">http://localhost:62782 "POST /session/7ed6f079e96341594abb4ceb96d574f3/element/f.98F49713631925D1DAB45020D478231E.d.EBFF7B9D10C523BFCA31B84E7F78AEEC.e.666/click HTTP/1.1" 200 0</msg>
<msg time="2024-03-29T14:59:37.794021" level="DEBUG">Remote response: status=200 | data={"value":null} | headers=HTTPHeaderDict({'Content-Length': '14', 'Content-Type': 'application/json; charset=utf-8', 'cache-control': 'no-cache'})</msg>
<msg time="2024-03-29T14:59:37.794021" level="DEBUG">Finished Request</msg>
<msg time="2024-03-29T14:59:37.794021" level="TRACE">Return: None</msg>
<arg>${Cont_Btn_PI}</arg>
<doc>Click the element identified by ``locator``.</doc>
<status status="PASS" start="2024-03-29T14:59:37.760176" elapsed="0.033845"/>
</kw>
<kw name="Sleep" owner="BuiltIn">
<msg time="2024-03-29T14:59:37.795021" level="TRACE">Arguments: [ '2s' ]</msg>
<msg time="2024-03-29T14:59:39.795215" level="INFO">Slept 2 seconds.</msg>
<msg time="2024-03-29T14:59:39.795215" level="TRACE">Return: None</msg>
<arg>2s</arg>
<doc>Pauses the test executed for the given time.</doc>
<status status="PASS" start="2024-03-29T14:59:37.794021" elapsed="2.001194"/>
</kw>
<kw name="Click Element" owner="SeleniumLibrary">
<msg time="2024-03-29T14:59:39.796236" level="TRACE">Arguments: [ "xpath://button[contains(text(),'Confirm')]" ]</msg>
<msg time="2024-03-29T14:59:39.796236" level="INFO">Clicking element 'xpath://button[contains(text(),'Confirm')]'.</msg>
<msg time="2024-03-29T14:59:39.796236" level="DEBUG">POST http://localhost:62782/session/7ed6f079e96341594abb4ceb96d574f3/elements {'using': 'xpath', 'value': "//button[contains(text(),'Confirm')]"}</msg>
<msg time="2024-03-29T14:59:39.819308" level="DEBUG">http://localhost:62782 "POST /session/7ed6f079e96341594abb4ceb96d574f3/elements HTTP/1.1" 200 0</msg>
<msg time="2024-03-29T14:59:39.819308" level="DEBUG">Remote response: status=200 | data={"value":[{"element-6066-11e4-a52e-4f735466cecf":"f.98F49713631925D1DAB45020D478231E.d.EBFF7B9D10C523BFCA31B84E7F78AEEC.e.696"}]} | headers=HTTPHeaderDict({'Content-Length': '129', 'Content-Type': 'application/json; charset=utf-8', 'cache-control': 'no-cache'})</msg>
<msg time="2024-03-29T14:59:39.819308" level="DEBUG">Finished Request</msg>
<msg time="2024-03-29T14:59:39.819308" level="DEBUG">POST http://localhost:62782/session/7ed6f079e96341594abb4ceb96d574f3/element/f.98F49713631925D1DAB45020D478231E.d.EBFF7B9D10C523BFCA31B84E7F78AEEC.e.696/click {}</msg>
<msg time="2024-03-29T14:59:39.885571" level="DEBUG">http://localhost:62782 "POST /session/7ed6f079e96341594abb4ceb96d574f3/element/f.98F49713631925D1DAB45020D478231E.d.EBFF7B9D10C523BFCA31B84E7F78AEEC.e.696/click HTTP/1.1" 200 0</msg>
<msg time="2024-03-29T14:59:39.886575" level="DEBUG">Remote response: status=200 | data={"value":null} | headers=HTTPHeaderDict({'Content-Length': '14', 'Content-Type': 'application/json; charset=utf-8', 'cache-control': 'no-cache'})</msg>
<msg time="2024-03-29T14:59:39.886575" level="DEBUG">Finished Request</msg>
<msg time="2024-03-29T14:59:39.886575" level="TRACE">Return: None</msg>
<arg>${Confirm_Btn}</arg>
<doc>Click the element identified by ``locator``.</doc>
<status status="PASS" start="2024-03-29T14:59:39.795215" elapsed="0.091360"/>
</kw>
<kw name="Wait Until Page Contains Element" owner="SeleniumLibrary">
<msg time="2024-03-29T14:59:39.886575" level="TRACE">Arguments: [ "xpath://h1[contains(text(),'Thank you')]" ]</msg>
<msg time="2024-03-29T14:59:39.886575" level="DEBUG">POST http://localhost:62782/session/7ed6f079e96341594abb4ceb96d574f3/elements {'using': 'xpath', 'value': "//h1[contains(text(),'Thank you')]"}</msg>
<msg time="2024-03-29T14:59:39.905409" level="DEBUG">http://localhost:62782 "POST /session/7ed6f079e96341594abb4ceb96d574f3/elements HTTP/1.1" 200 0</msg>
<msg time="2024-03-29T14:59:39.905409" level="DEBUG">Remote response: status=200 | data={"value":[]} | headers=HTTPHeaderDict({'Content-Length': '12', 'Content-Type': 'application/json; charset=utf-8', 'cache-control': 'no-cache'})</msg>
<msg time="2024-03-29T14:59:39.905409" level="DEBUG">Finished Request</msg>
<msg time="2024-03-29T14:59:40.106177" level="DEBUG">POST http://localhost:62782/session/7ed6f079e96341594abb4ceb96d574f3/elements {'using': 'xpath', 'value': "//h1[contains(text(),'Thank you')]"}</msg>
<msg time="2024-03-29T14:59:40.120445" level="DEBUG">http://localhost:62782 "POST /session/7ed6f079e96341594abb4ceb96d574f3/elements HTTP/1.1" 200 0</msg>
<msg time="2024-03-29T14:59:40.120445" level="DEBUG">Remote response: status=200 | data={"value":[]} | headers=HTTPHeaderDict({'Content-Length': '12', 'Content-Type': 'application/json; charset=utf-8', 'cache-control': 'no-cache'})</msg>
<msg time="2024-03-29T14:59:40.120445" level="DEBUG">Finished Request</msg>
<msg time="2024-03-29T14:59:40.321684" level="DEBUG">POST http://localhost:62782/session/7ed6f079e96341594abb4ceb96d574f3/elements {'using': 'xpath', 'value': "//h1[contains(text(),'Thank you')]"}</msg>
<msg time="2024-03-29T14:59:40.335996" level="DEBUG">http://localhost:62782 "POST /session/7ed6f079e96341594abb4ceb96d574f3/elements HTTP/1.1" 200 0</msg>
<msg time="2024-03-29T14:59:40.335996" level="DEBUG">Remote response: status=200 | data={"value":[]} | headers=HTTPHeaderDict({'Content-Length': '12', 'Content-Type': 'application/json; charset=utf-8', 'cache-control': 'no-cache'})</msg>
<msg time="2024-03-29T14:59:40.335996" level="DEBUG">Finished Request</msg>
<msg time="2024-03-29T14:59:40.537045" level="DEBUG">POST http://localhost:62782/session/7ed6f079e96341594abb4ceb96d574f3/elements {'using': 'xpath', 'value': "//h1[contains(text(),'Thank you')]"}</msg>
<msg time="2024-03-29T14:59:41.118826" level="DEBUG">http://localhost:62782 "POST /session/7ed6f079e96341594abb4ceb96d574f3/elements HTTP/1.1" 200 0</msg>
<msg time="2024-03-29T14:59:41.118826" level="DEBUG">Remote response: status=200 | data={"value":[{"element-6066-11e4-a52e-4f735466cecf":"f.98F49713631925D1DAB45020D478231E.d.4EA38F741B32046285B847E2B318538C.e.705"}]} | headers=HTTPHeaderDict({'Content-Length': '129', 'Content-Type': 'application/json; charset=utf-8', 'cache-control': 'no-cache'})</msg>
<msg time="2024-03-29T14:59:41.118826" level="DEBUG">Finished Request</msg>
<msg time="2024-03-29T14:59:41.119862" level="TRACE">Return: None</msg>
<arg>${Page_Contain}</arg>
<doc>Waits until the element ``locator`` appears on the current page.</doc>
<status status="PASS" start="2024-03-29T14:59:39.886575" elapsed="1.233287"/>
</kw>
<kw name="Click Element" owner="SeleniumLibrary">
<msg time="2024-03-29T14:59:41.119862" level="TRACE">Arguments: [ "xpath://button[contains(text(),'Continue')]" ]</msg>
<msg time="2024-03-29T14:59:41.119862" level="INFO">Clicking element 'xpath://button[contains(text(),'Continue')]'.</msg>
<msg time="2024-03-29T14:59:41.119862" level="DEBUG">POST http://localhost:62782/session/7ed6f079e96341594abb4ceb96d574f3/elements {'using': 'xpath', 'value': "//button[contains(text(),'Continue')]"}</msg>
<msg time="2024-03-29T14:59:41.136939" level="DEBUG">http://localhost:62782 "POST /session/7ed6f079e96341594abb4ceb96d574f3/elements HTTP/1.1" 200 0</msg>
<msg time="2024-03-29T14:59:41.137917" level="DEBUG">Remote response: status=200 | data={"value":[{"element-6066-11e4-a52e-4f735466cecf":"f.98F49713631925D1DAB45020D478231E.d.4EA38F741B32046285B847E2B318538C.e.708"}]} | headers=HTTPHeaderDict({'Content-Length': '129', 'Content-Type': 'application/json; charset=utf-8', 'cache-control': 'no-cache'})</msg>
<msg time="2024-03-29T14:59:41.137917" level="DEBUG">Finished Request</msg>
<msg time="2024-03-29T14:59:41.137917" level="DEBUG">POST http://localhost:62782/session/7ed6f079e96341594abb4ceb96d574f3/element/f.98F49713631925D1DAB45020D478231E.d.4EA38F741B32046285B847E2B318538C.e.708/click {}</msg>
<msg time="2024-03-29T14:59:41.824207" level="DEBUG">http://localhost:62782 "POST /session/7ed6f079e96341594abb4ceb96d574f3/element/f.98F49713631925D1DAB45020D478231E.d.4EA38F741B32046285B847E2B318538C.e.708/click HTTP/1.1" 200 0</msg>
<msg time="2024-03-29T14:59:41.824207" level="DEBUG">Remote response: status=200 | data={"value":null} | headers=HTTPHeaderDict({'Content-Length': '14', 'Content-Type': 'application/json; charset=utf-8', 'cache-control': 'no-cache'})</msg>
<msg time="2024-03-29T14:59:41.824207" level="DEBUG">Finished Request</msg>
<msg time="2024-03-29T14:59:41.824207" level="TRACE">Return: None</msg>
<arg>${Continue_Last_Btn}</arg>
<doc>Click the element identified by ``locator``.</doc>
<status status="PASS" start="2024-03-29T14:59:41.119862" elapsed="0.704345"/>
</kw>
<msg time="2024-03-29T14:59:41.824207" level="TRACE">Return: None</msg>
<status status="PASS" start="2024-03-29T14:59:20.608444" elapsed="21.215763"/>
</kw>
<status status="PASS" start="2024-03-29T14:58:47.828463" elapsed="53.996750"/>
</test>
<status status="PASS" start="2024-03-29T14:58:14.249520" elapsed="87.576717"/>
</suite>
<statistics>
<total>
<stat pass="2" fail="0" skip="0">All Tests</stat>
</total>
<tag>
</tag>
<suite>
<stat pass="2" fail="0" skip="0" id="s1" name="App">App</stat>
</suite>
</statistics>
<errors>
</errors>
</robot>
